Waf: Entering directory `/home/wilson/hpcc/build'
Waf: Leaving directory `/home/wilson/hpcc/build'
'build' finished successfully (0.446s)
ENABLE_QCN			Yes
USE_DYNAMIC_PFC_THRESHOLD	Yes
PACKET_PAYLOAD_SIZE		1000
TOPOLOGY_FILE			experiments/topology.txt
FLOW_FILE			experiments/facebook/flow.txt
TRACE_FILE			experiments/trace.txt
TRACE_OUTPUT_FILE		experiments/trace.tr
FCT_OUTPUT_FILE		experiments/facebook/timely/fct.txt
PFC_OUTPUT_FILE				experiments/facebook/timely/pfc.txt
SIMULATOR_STOP_TIME		4
CC_MODE		7
ALPHA_RESUME_INTERVAL		1
RATE_DECREASE_INTERVAL		4
CLAMP_TARGET_RATE		No
RP_TIMER			300
EWMA_GAIN			0.00390625
FAST_RECOVERY_TIMES		1
RATE_AI				40Mb/s
RATE_HAI			200Mb/s
MIN_RATE		100Mb/s
DCTCP_RATE_AI				1000Mb/s
ERROR_RATE_PER_LINK		0
L2_CHUNK_SIZE			4000
L2_ACK_INTERVAL			1
L2_BACK_TO_ZERO			No
HAS_WIN		0
GLOBAL_T		1
VAR_WIN		0
FAST_REACT		0
U_TARGET		0.95
MI_THRESH		0
INT_MULTI				1
MULTI_RATE				0
SAMPLE_FEEDBACK				0
RATE_BOUND		1
ACK_HIGH_PRIO		1
LINK_DOWN				0 0 0
ENABLE_TRACE				1
KMAX_MAP				 40000000000 640 160000000000 2560
KMIN_MAP				 40000000000 160 160000000000 640
PMAX_MAP				 40000000000 0.2 160000000000 0.2
BUFFER_SIZE				12
QLEN_MON_FILE				experiments/facebook/timely/qlen.txt
QLEN_MON_START				1000000000
QLEN_MON_END				1100000000
maxRtt=2100 maxBdp=10500
Running Simulation.
1055362568 146 Drop: queue:17,3: Headroom full
(0,178512)(0,172500)(0,115248)(0,906540)(0,0)(0,26460)(0,236304)(0,240)(0,9684)(0,0)(0,240)(0,9504)(0,28512)(0,4884)(0,180)(0,27456)(2052,1195932)(0,8448)(0,1056)(0,2172)(0,0)(0,0)(0,0)(0,0)(0,0)(0,0)(0,0)(0,0)(0,0)(0,0)(0,0)(0,0)(0,0)(0,0)(0,0)(0,0)(0,0)(0,0)(0,0)(0,0)(0,0)(0,0)(0,0)(0,0)(0,0)(0,0)(0,0)(0,0)(0,0)(0,0)(0,0)(0,0)(0,0)(0,0)(0,0)(0,0)(0,0)(0,0)(0,0)(0,0)(0,0)(0,0)(0,0)
1335335803 145 Drop: queue:16,3: Headroom full
(0,127896)(0,15144)(0,420288)(0,183924)(0,432084)(0,86832)(0,555660)(0,77952)(0,166968)(2448,967104)(0,166092)(0,88260)(0,107640)(0,62184)(0,391464)(3000,1023120)(0,357588)(0,116772)(0,69888)(0,239808)(0,0)(0,0)(0,0)(0,0)(0,0)(0,0)(0,0)(0,0)(0,0)(0,0)(0,0)(0,0)(0,0)(0,0)(0,0)(0,0)(0,0)(0,0)(0,0)(0,0)(0,0)(0,0)(0,0)(0,0)(0,0)(0,0)(0,0)(0,0)(0,0)(0,0)(0,0)(0,0)(0,0)(0,0)(0,0)(0,0)(0,0)(0,0)(0,0)(0,0)(0,0)(0,0)(0,0)
1335336014 145 Drop: queue:16,3: Headroom full
(0,128952)(0,13032)(0,417180)(0,183924)(0,432084)(0,86772)(0,555660)(0,77952)(0,167028)(2448,967104)(0,166092)(0,88260)(0,106584)(0,62184)(0,391464)(3000,1023120)(0,357528)(0,116772)(0,69888)(0,239808)(0,0)(0,0)(0,0)(0,0)(0,0)(0,0)(0,0)(0,0)(0,0)(0,0)(0,0)(0,0)(0,0)(0,0)(0,0)(0,0)(0,0)(0,0)(0,0)(0,0)(0,0)(0,0)(0,0)(0,0)(0,0)(0,0)(0,0)(0,0)(0,0)(0,0)(0,0)(0,0)(0,0)(0,0)(0,0)(0,0)(0,0)(0,0)(0,0)(0,0)(0,0)(0,0)(0,0)
1335336236 145 Drop: queue:16,3: Headroom full
(0,129948)(0,10860)(0,417180)(0,182928)(0,432084)(0,86772)(0,555660)(0,77952)(0,167028)(2448,967104)(0,166092)(0,88200)(0,106584)(0,63240)(0,391464)(3000,1023120)(0,357528)(0,116772)(0,69888)(0,239808)(0,0)(0,0)(0,0)(0,0)(0,0)(0,0)(0,0)(0,0)(0,0)(0,0)(0,0)(0,0)(0,0)(0,0)(0,0)(0,0)(0,0)(0,0)(0,0)(0,0)(0,0)(0,0)(0,0)(0,0)(0,0)(0,0)(0,0)(0,0)(0,0)(0,0)(0,0)(0,0)(0,0)(0,0)(0,0)(0,0)(0,0)(0,0)(0,0)(0,0)(0,0)(0,0)(0,0)
1335336447 145 Drop: queue:16,3: Headroom full
(0,131004)(0,10860)(0,413952)(0,182868)(0,432084)(0,86772)(0,555660)(0,77952)(0,167028)(2448,967104)(0,166092)(0,88200)(0,106584)(0,62244)(0,391464)(3000,1023120)(0,357528)(0,117768)(0,69888)(0,239808)(0,0)(0,0)(0,0)(0,0)(0,0)(0,0)(0,0)(0,0)(0,0)(0,0)(0,0)(0,0)(0,0)(0,0)(0,0)(0,0)(0,0)(0,0)(0,0)(0,0)(0,0)(0,0)(0,0)(0,0)(0,0)(0,0)(0,0)(0,0)(0,0)(0,0)(0,0)(0,0)(0,0)(0,0)(0,0)(0,0)(0,0)(0,0)(0,0)(0,0)(0,0)(0,0)(0,0)
1335336658 145 Drop: queue:16,3: Headroom full
(0,132060)(0,10800)(0,411840)(0,183864)(0,432084)(0,86772)(0,555660)(0,77952)(0,167028)(2508,967104)(0,166092)(0,88200)(0,106584)(0,62304)(0,391464)(3000,1023120)(0,358584)(0,116772)(0,69888)(0,239808)(0,0)(0,0)(0,0)(0,0)(0,0)(0,0)(0,0)(0,0)(0,0)(0,0)(0,0)(0,0)(0,0)(0,0)(0,0)(0,0)(0,0)(0,0)(0,0)(0,0)(0,0)(0,0)(0,0)(0,0)(0,0)(0,0)(0,0)(0,0)(0,0)(0,0)(0,0)(0,0)(0,0)(0,0)(0,0)(0,0)(0,0)(0,0)(0,0)(0,0)(0,0)(0,0)(0,0)
1335336880 145 Drop: queue:16,3: Headroom full
(0,131004)(0,10800)(0,412896)(0,184920)(0,432084)(0,86772)(0,555660)(0,77952)(0,167088)(2448,967104)(0,166092)(0,88200)(0,106584)(0,62304)(0,391464)(3000,1023120)(0,358584)(0,116772)(0,69888)(0,239808)(0,0)(0,0)(0,0)(0,0)(0,0)(0,0)(0,0)(0,0)(0,0)(0,0)(0,0)(0,0)(0,0)(0,0)(0,0)(0,0)(0,0)(0,0)(0,0)(0,0)(0,0)(0,0)(0,0)(0,0)(0,0)(0,0)(0,0)(0,0)(0,0)(0,0)(0,0)(0,0)(0,0)(0,0)(0,0)(0,0)(0,0)(0,0)(0,0)(0,0)(0,0)(0,0)(0,0)
1335337091 145 Drop: queue:16,3: Headroom full
(0,131004)(0,10860)(0,407676)(0,184920)(0,432084)(0,86772)(0,555660)(0,77952)(0,167088)(2508,967104)(0,166092)(0,88200)(0,106584)(0,62364)(0,391524)(3000,1023120)(0,358584)(0,117768)(0,69888)(0,239808)(0,0)(0,0)(0,0)(0,0)(0,0)(0,0)(0,0)(0,0)(0,0)(0,0)(0,0)(0,0)(0,0)(0,0)(0,0)(0,0)(0,0)(0,0)(0,0)(0,0)(0,0)(0,0)(0,0)(0,0)(0,0)(0,0)(0,0)(0,0)(0,0)(0,0)(0,0)(0,0)(0,0)(0,0)(0,0)(0,0)(0,0)(0,0)(0,0)(0,0)(0,0)(0,0)(0,0)
1335337302 145 Drop: queue:16,3: Headroom full
(0,132060)(0,9804)(0,406560)(0,182808)(0,432084)(0,86772)(0,555660)(0,77952)(0,167148)(2448,967104)(0,167148)(0,88200)(0,106584)(0,62424)(0,391464)(3000,1023120)(0,358644)(0,117768)(0,69888)(0,239808)(0,0)(0,0)(0,0)(0,0)(0,0)(0,0)(0,0)(0,0)(0,0)(0,0)(0,0)(0,0)(0,0)(0,0)(0,0)(0,0)(0,0)(0,0)(0,0)(0,0)(0,0)(0,0)(0,0)(0,0)(0,0)(0,0)(0,0)(0,0)(0,0)(0,0)(0,0)(0,0)(0,0)(0,0)(0,0)(0,0)(0,0)(0,0)(0,0)(0,0)(0,0)(0,0)(0,0)
1335337513 145 Drop: queue:16,3: Headroom full
(0,132060)(0,10740)(0,406620)(0,183924)(0,432084)(0,86772)(0,555660)(0,77952)(0,167148)(2508,967104)(0,167148)(0,88140)(0,106584)(0,62424)(0,391464)(3000,1023120)(0,358764)(0,117768)(0,69888)(0,240864)(0,0)(0,0)(0,0)(0,0)(0,0)(0,0)(0,0)(0,0)(0,0)(0,0)(0,0)(0,0)(0,0)(0,0)(0,0)(0,0)(0,0)(0,0)(0,0)(0,0)(0,0)(0,0)(0,0)(0,0)(0,0)(0,0)(0,0)(0,0)(0,0)(0,0)(0,0)(0,0)(0,0)(0,0)(0,0)(0,0)(0,0)(0,0)(0,0)(0,0)(0,0)(0,0)(0,0)
1335337947 145 Drop: queue:16,3: Headroom full
(0,135288)(0,12912)(0,406680)(0,183804)(0,432084)(0,86772)(0,555660)(0,77952)(0,167208)(2508,967104)(0,167148)(0,88140)(0,106584)(0,62424)(0,391464)(3000,1023120)(0,358644)(0,117768)(0,69888)(0,240864)(0,0)(0,0)(0,0)(0,0)(0,0)(0,0)(0,0)(0,0)(0,0)(0,0)(0,0)(0,0)(0,0)(0,0)(0,0)(0,0)(0,0)(0,0)(0,0)(0,0)(0,0)(0,0)(0,0)(0,0)(0,0)(0,0)(0,0)(0,0)(0,0)(0,0)(0,0)(0,0)(0,0)(0,0)(0,0)(0,0)(0,0)(0,0)(0,0)(0,0)(0,0)(0,0)(0,0)
1335338641 145 Drop: queue:16,3: Headroom full
(0,135288)(0,7632)(0,412080)(0,183864)(0,432084)(0,86772)(0,555840)(0,77952)(0,167328)(2448,967104)(0,167148)(0,88140)(0,106584)(0,62604)(0,391464)(3000,1023120)(0,358644)(0,117768)(0,69888)(0,240864)(0,0)(0,0)(0,0)(0,0)(0,0)(0,0)(0,0)(0,0)(0,0)(0,0)(0,0)(0,0)(0,0)(0,0)(0,0)(0,0)(0,0)(0,0)(0,0)(0,0)(0,0)(0,0)(0,0)(0,0)(0,0)(0,0)(0,0)(0,0)(0,0)(0,0)(0,0)(0,0)(0,0)(0,0)(0,0)(0,0)(0,0)(0,0)(0,0)(0,0)(0,0)(0,0)(0,0)
1335340023 145 Drop: queue:16,3: Headroom full
(0,139452)(0,8508)(0,417600)(0,184800)(0,432084)(0,86772)(0,557316)(0,77952)(0,167448)(2448,967104)(0,167148)(0,88080)(0,106584)(0,62724)(0,391464)(3000,1023120)(0,359760)(0,119880)(0,69888)(0,240864)(0,0)(0,0)(0,0)(0,0)(0,0)(0,0)(0,0)(0,0)(0,0)(0,0)(0,0)(0,0)(0,0)(0,0)(0,0)(0,0)(0,0)(0,0)(0,0)(0,0)(0,0)(0,0)(0,0)(0,0)(0,0)(0,0)(0,0)(0,0)(0,0)(0,0)(0,0)(0,0)(0,0)(0,0)(0,0)(0,0)(0,0)(0,0)(0,0)(0,0)(0,0)(0,0)(0,0)
1335340987 145 Drop: queue:16,3: Headroom full
(0,140568)(0,8568)(0,421188)(0,183804)(0,432084)(0,86772)(0,556560)(0,77952)(0,167568)(2448,967104)(0,167148)(0,88080)(0,106584)(0,62844)(0,391464)(3000,1023120)(0,358644)(0,119880)(0,69888)(0,240864)(0,0)(0,0)(0,0)(0,0)(0,0)(0,0)(0,0)(0,0)(0,0)(0,0)(0,0)(0,0)(0,0)(0,0)(0,0)(0,0)(0,0)(0,0)(0,0)(0,0)(0,0)(0,0)(0,0)(0,0)(0,0)(0,0)(0,0)(0,0)(0,0)(0,0)(0,0)(0,0)(0,0)(0,0)(0,0)(0,0)(0,0)(0,0)(0,0)(0,0)(0,0)(0,0)(0,0)
1335341747 145 Drop: queue:16,3: Headroom full
(0,142620)(0,7452)(0,413856)(0,185856)(0,432084)(0,86772)(0,556740)(0,77952)(0,167688)(2448,967104)(0,167148)(0,89136)(0,106584)(0,62904)(0,391464)(3000,1023120)(0,358704)(0,119880)(0,69888)(0,240864)(0,0)(0,0)(0,0)(0,0)(0,0)(0,0)(0,0)(0,0)(0,0)(0,0)(0,0)(0,0)(0,0)(0,0)(0,0)(0,0)(0,0)(0,0)(0,0)(0,0)(0,0)(0,0)(0,0)(0,0)(0,0)(0,0)(0,0)(0,0)(0,0)(0,0)(0,0)(0,0)(0,0)(0,0)(0,0)(0,0)(0,0)(0,0)(0,0)(0,0)(0,0)(0,0)(0,0)
1335342401 145 Drop: queue:16,3: Headroom full
(0,142680)(0,9624)(0,407640)(0,183744)(0,432084)(0,86772)(0,556920)(0,77952)(0,167868)(2448,967104)(0,168204)(0,88140)(0,106584)(0,63024)(0,391464)(3000,1023120)(0,358704)(0,119880)(0,69888)(0,240864)(0,0)(0,0)(0,0)(0,0)(0,0)(0,0)(0,0)(0,0)(0,0)(0,0)(0,0)(0,0)(0,0)(0,0)(0,0)(0,0)(0,0)(0,0)(0,0)(0,0)(0,0)(0,0)(0,0)(0,0)(0,0)(0,0)(0,0)(0,0)(0,0)(0,0)(0,0)(0,0)(0,0)(0,0)(0,0)(0,0)(0,0)(0,0)(0,0)(0,0)(0,0)(0,0)(0,0)
1335343429 145 Drop: queue:16,3: Headroom full
(0,145788)(0,8508)(0,397260)(0,185856)(0,432084)(0,86772)(0,557220)(0,77952)(0,167988)(2508,967104)(0,170376)(0,88080)(0,106584)(0,63144)(0,391464)(3000,1023120)(0,358704)(0,120936)(0,69888)(0,241920)(0,0)(0,0)(0,0)(0,0)(0,0)(0,0)(0,0)(0,0)(0,0)(0,0)(0,0)(0,0)(0,0)(0,0)(0,0)(0,0)(0,0)(0,0)(0,0)(0,0)(0,0)(0,0)(0,0)(0,0)(0,0)(0,0)(0,0)(0,0)(0,0)(0,0)(0,0)(0,0)(0,0)(0,0)(0,0)(0,0)(0,0)(0,0)(0,0)(0,0)(0,0)(0,0)(0,0)
1335344156 145 Drop: queue:16,3: Headroom full
(0,146904)(0,9624)(0,388056)(0,184800)(0,432084)(0,86772)(0,557400)(0,77952)(0,168108)(2448,967104)(0,170316)(0,88080)(0,106584)(0,63324)(0,391464)(3000,1023120)(0,358704)(0,121992)(0,69888)(0,240864)(0,0)(0,0)(0,0)(0,0)(0,0)(0,0)(0,0)(0,0)(0,0)(0,0)(0,0)(0,0)(0,0)(0,0)(0,0)(0,0)(0,0)(0,0)(0,0)(0,0)(0,0)(0,0)(0,0)(0,0)(0,0)(0,0)(0,0)(0,0)(0,0)(0,0)(0,0)(0,0)(0,0)(0,0)(0,0)(0,0)(0,0)(0,0)(0,0)(0,0)(0,0)(0,0)(0,0)
1335345257 145 Drop: queue:16,3: Headroom full
(0,147960)(0,8628)(0,380724)(0,183744)(0,432084)(0,86772)(0,557700)(0,77952)(0,168288)(2448,967104)(0,172488)(0,88080)(0,106584)(0,63444)(0,391524)(3000,1023120)(0,358704)(0,121992)(0,69888)(0,240864)(0,0)(0,0)(0,0)(0,0)(0,0)(0,0)(0,0)(0,0)(0,0)(0,0)(0,0)(0,0)(0,0)(0,0)(0,0)(0,0)(0,0)(0,0)(0,0)(0,0)(0,0)(0,0)(0,0)(0,0)(0,0)(0,0)(0,0)(0,0)(0,0)(0,0)(0,0)(0,0)(0,0)(0,0)(0,0)(0,0)(0,0)(0,0)(0,0)(0,0)(0,0)(0,0)(0,0)
1335345938 145 Drop: queue:16,3: Headroom full
(0,149016)(0,8568)(0,377736)(0,181632)(0,432084)(0,86772)(0,557880)(0,77952)(0,168348)(2448,967104)(0,173544)(0,88080)(0,106584)(0,63504)(0,391464)(3000,1023120)(0,358764)(0,123048)(0,69888)(0,240864)(0,0)(0,0)(0,0)(0,0)(0,0)(0,0)(0,0)(0,0)(0,0)(0,0)(0,0)(0,0)(0,0)(0,0)(0,0)(0,0)(0,0)(0,0)(0,0)(0,0)(0,0)(0,0)(0,0)(0,0)(0,0)(0,0)(0,0)(0,0)(0,0)(0,0)(0,0)(0,0)(0,0)(0,0)(0,0)(0,0)(0,0)(0,0)(0,0)(0,0)(0,0)(0,0)(0,0)
1335347074 145 Drop: queue:16,3: Headroom full
(0,147960)(0,8508)(0,368352)(0,183744)(0,432084)(0,86772)(0,558240)(0,77952)(0,168588)(2448,967104)(0,175656)(0,88080)(0,106584)(0,63684)(0,391464)(3000,1023120)(0,358764)(0,123048)(0,69888)(0,240864)(0,0)(0,0)(0,0)(0,0)(0,0)(0,0)(0,0)(0,0)(0,0)(0,0)(0,0)(0,0)(0,0)(0,0)(0,0)(0,0)(0,0)(0,0)(0,0)(0,0)(0,0)(0,0)(0,0)(0,0)(0,0)(0,0)(0,0)(0,0)(0,0)(0,0)(0,0)(0,0)(0,0)(0,0)(0,0)(0,0)(0,0)(0,0)(0,0)(0,0)(0,0)(0,0)(0,0)
1335347635 145 Drop: queue:16,3: Headroom full
(0,149016)(0,8508)(0,365364)(0,182688)(0,433140)(0,86772)(0,558420)(0,77952)(0,168648)(2508,967104)(0,176712)(0,88080)(0,106584)(0,63744)(0,391464)(3000,1023120)(0,358764)(0,123048)(0,69888)(0,240864)(0,0)(0,0)(0,0)(0,0)(0,0)(0,0)(0,0)(0,0)(0,0)(0,0)(0,0)(0,0)(0,0)(0,0)(0,0)(0,0)(0,0)(0,0)(0,0)(0,0)(0,0)(0,0)(0,0)(0,0)(0,0)(0,0)(0,0)(0,0)(0,0)(0,0)(0,0)(0,0)(0,0)(0,0)(0,0)(0,0)(0,0)(0,0)(0,0)(0,0)(0,0)(0,0)(0,0)
1335349056 145 Drop: queue:16,3: Headroom full
(0,149016)(0,8568)(0,359040)(0,181692)(0,433140)(0,86832)(0,558600)(0,77952)(0,168828)(2448,967104)(0,179880)(0,88140)(0,106584)(0,63924)(0,391464)(3000,1023120)(0,358824)(0,124104)(0,69888)(0,240924)(0,0)(0,0)(0,0)(0,0)(0,0)(0,0)(0,0)(0,0)(0,0)(0,0)(0,0)(0,0)(0,0)(0,0)(0,0)(0,0)(0,0)(0,0)(0,0)(0,0)(0,0)(0,0)(0,0)(0,0)(0,0)(0,0)(0,0)(0,0)(0,0)(0,0)(0,0)(0,0)(0,0)(0,0)(0,0)(0,0)(0,0)(0,0)(0,0)(0,0)(0,0)(0,0)(0,0)
1335349746 145 Drop: queue:16,3: Headroom full
(0,150012)(0,7452)(0,356928)(0,181632)(0,433140)(0,86772)(0,558600)(0,77952)(0,168948)(2448,967104)(0,179940)(0,88080)(0,106584)(0,63984)(0,391464)(3000,1023120)(0,358824)(0,125160)(0,69888)(0,240924)(0,0)(0,0)(0,0)(0,0)(0,0)(0,0)(0,0)(0,0)(0,0)(0,0)(0,0)(0,0)(0,0)(0,0)(0,0)(0,0)(0,0)(0,0)(0,0)(0,0)(0,0)(0,0)(0,0)(0,0)(0,0)(0,0)(0,0)(0,0)(0,0)(0,0)(0,0)(0,0)(0,0)(0,0)(0,0)(0,0)(0,0)(0,0)(0,0)(0,0)(0,0)(0,0)(0,0)
1335350759 145 Drop: queue:16,3: Headroom full
(0,150012)(0,7452)(0,354816)(0,181632)(0,433140)(0,86772)(0,558600)(0,77952)(0,169068)(2448,967104)(0,180936)(0,88080)(0,106584)(0,64224)(0,391464)(3000,1023120)(0,358824)(0,125160)(0,69888)(0,240924)(0,0)(0,0)(0,0)(0,0)(0,0)(0,0)(0,0)(0,0)(0,0)(0,0)(0,0)(0,0)(0,0)(0,0)(0,0)(0,0)(0,0)(0,0)(0,0)(0,0)(0,0)(0,0)(0,0)(0,0)(0,0)(0,0)(0,0)(0,0)(0,0)(0,0)(0,0)(0,0)(0,0)(0,0)(0,0)(0,0)(0,0)(0,0)(0,0)(0,0)(0,0)(0,0)(0,0)
1335351448 145 Drop: queue:16,3: Headroom full
(0,152184)(0,6456)(0,353760)(0,180576)(0,433140)(0,86772)(0,558600)(0,77952)(0,169188)(2448,967104)(0,183048)(0,88080)(0,106584)(0,64224)(0,391464)(3000,1023120)(0,358824)(0,126216)(0,69888)(0,240924)(0,0)(0,0)(0,0)(0,0)(0,0)(0,0)(0,0)(0,0)(0,0)(0,0)(0,0)(0,0)(0,0)(0,0)(0,0)(0,0)(0,0)(0,0)(0,0)(0,0)(0,0)(0,0)(0,0)(0,0)(0,0)(0,0)(0,0)(0,0)(0,0)(0,0)(0,0)(0,0)(0,0)(0,0)(0,0)(0,0)(0,0)(0,0)(0,0)(0,0)(0,0)(0,0)(0,0)
1335352568 145 Drop: queue:16,3: Headroom full
(0,151248)(0,7512)(0,349716)(0,180576)(0,433140)(0,86772)(0,558600)(0,77952)(0,169308)(2448,967104)(0,184164)(0,88200)(0,107640)(0,64464)(0,391464)(3000,1023120)(0,358824)(0,127272)(0,69888)(0,240984)(0,0)(0,0)(0,0)(0,0)(0,0)(0,0)(0,0)(0,0)(0,0)(0,0)(0,0)(0,0)(0,0)(0,0)(0,0)(0,0)(0,0)(0,0)(0,0)(0,0)(0,0)(0,0)(0,0)(0,0)(0,0)(0,0)(0,0)(0,0)(0,0)(0,0)(0,0)(0,0)(0,0)(0,0)(0,0)(0,0)(0,0)(0,0)(0,0)(0,0)(0,0)(0,0)(0,0)
1335353280 145 Drop: queue:16,3: Headroom full
(0,154356)(0,7452)(0,349536)(0,183744)(0,433140)(0,86772)(0,558600)(0,77952)(0,169428)(2448,967104)(0,185160)(0,88380)(0,106584)(0,64524)(0,391464)(3000,1023120)(0,358824)(0,127272)(0,69888)(0,240984)(0,0)(0,0)(0,0)(0,0)(0,0)(0,0)(0,0)(0,0)(0,0)(0,0)(0,0)(0,0)(0,0)(0,0)(0,0)(0,0)(0,0)(0,0)(0,0)(0,0)(0,0)(0,0)(0,0)(0,0)(0,0)(0,0)(0,0)(0,0)(0,0)(0,0)(0,0)(0,0)(0,0)(0,0)(0,0)(0,0)(0,0)(0,0)(0,0)(0,0)(0,0)(0,0)(0,0)
1335354389 145 Drop: queue:16,3: Headroom full
(0,153360)(0,6456)(0,345312)(0,184800)(0,433140)(0,86772)(0,558600)(0,77952)(0,169608)(2448,967104)(0,187272)(0,88620)(0,106584)(0,65700)(0,391464)(3000,1023120)(0,358824)(0,127272)(0,69888)(0,240984)(0,0)(0,0)(0,0)(0,0)(0,0)(0,0)(0,0)(0,0)(0,0)(0,0)(0,0)(0,0)(0,0)(0,0)(0,0)(0,0)(0,0)(0,0)(0,0)(0,0)(0,0)(0,0)(0,0)(0,0)(0,0)(0,0)(0,0)(0,0)(0,0)(0,0)(0,0)(0,0)(0,0)(0,0)(0,0)(0,0)(0,0)(0,0)(0,0)(0,0)(0,0)(0,0)(0,0)
1335354962 145 Drop: queue:16,3: Headroom full
(0,154416)(0,7512)(0,345372)(0,184800)(0,433140)(0,86772)(0,558600)(0,77952)(0,169668)(2448,967104)(0,188328)(0,88740)(0,106584)(0,65820)(0,391464)(3000,1023120)(0,358824)(0,129384)(0,69888)(0,240984)(0,0)(0,0)(0,0)(0,0)(0,0)(0,0)(0,0)(0,0)(0,0)(0,0)(0,0)(0,0)(0,0)(0,0)(0,0)(0,0)(0,0)(0,0)(0,0)(0,0)(0,0)(0,0)(0,0)(0,0)(0,0)(0,0)(0,0)(0,0)(0,0)(0,0)(0,0)(0,0)(0,0)(0,0)(0,0)(0,0)(0,0)(0,0)(0,0)(0,0)(0,0)(0,0)(0,0)
1335356109 145 Drop: queue:16,3: Headroom full
(0,156648)(0,5400)(0,343260)(0,184800)(0,433140)(0,86832)(0,558600)(0,77952)(0,169848)(2448,967104)(0,189384)(0,89040)(0,106584)(0,65880)(0,391464)(3000,1023120)(0,358884)(0,129444)(0,69888)(0,240984)(0,0)(0,0)(0,0)(0,0)(0,0)(0,0)(0,0)(0,0)(0,0)(0,0)(0,0)(0,0)(0,0)(0,0)(0,0)(0,0)(0,0)(0,0)(0,0)(0,0)(0,0)(0,0)(0,0)(0,0)(0,0)(0,0)(0,0)(0,0)(0,0)(0,0)(0,0)(0,0)(0,0)(0,0)(0,0)(0,0)(0,0)(0,0)(0,0)(0,0)(0,0)(0,0)(0,0)
1335356790 145 Drop: queue:16,3: Headroom full
(0,155592)(0,6456)(0,341148)(0,184800)(0,433140)(0,86772)(0,558600)(0,77952)(0,169908)(2448,967104)(0,190440)(0,89160)(0,106584)(0,65940)(0,391464)(3000,1023120)(0,358884)(0,130440)(0,69888)(0,240984)(0,0)(0,0)(0,0)(0,0)(0,0)(0,0)(0,0)(0,0)(0,0)(0,0)(0,0)(0,0)(0,0)(0,0)(0,0)(0,0)(0,0)(0,0)(0,0)(0,0)(0,0)(0,0)(0,0)(0,0)(0,0)(0,0)(0,0)(0,0)(0,0)(0,0)(0,0)(0,0)(0,0)(0,0)(0,0)(0,0)(0,0)(0,0)(0,0)(0,0)(0,0)(0,0)(0,0)
1335357940 145 Drop: queue:16,3: Headroom full
(0,156648)(0,6456)(0,340032)(0,183804)(0,433140)(0,86772)(0,558600)(0,77952)(0,170088)(2448,967104)(0,192552)(0,89400)(0,106584)(0,66120)(0,391464)(3000,1023120)(0,358884)(0,130440)(0,69888)(0,240984)(0,0)(0,0)(0,0)(0,0)(0,0)(0,0)(0,0)(0,0)(0,0)(0,0)(0,0)(0,0)(0,0)(0,0)(0,0)(0,0)(0,0)(0,0)(0,0)(0,0)(0,0)(0,0)(0,0)(0,0)(0,0)(0,0)(0,0)(0,0)(0,0)(0,0)(0,0)(0,0)(0,0)(0,0)(0,0)(0,0)(0,0)(0,0)(0,0)(0,0)(0,0)(0,0)(0,0)
1335358584 145 Drop: queue:16,3: Headroom full
(0,158880)(0,5340)(0,335808)(0,185856)(0,433140)(0,86772)(0,558600)(0,77952)(0,170148)(2448,967104)(0,193608)(0,89580)(0,106584)(0,66180)(0,391464)(3000,1023120)(0,358884)(0,130440)(0,69888)(0,241044)(0,0)(0,0)(0,0)(0,0)(0,0)(0,0)(0,0)(0,0)(0,0)(0,0)(0,0)(0,0)(0,0)(0,0)(0,0)(0,0)(0,0)(0,0)(0,0)(0,0)(0,0)(0,0)(0,0)(0,0)(0,0)(0,0)(0,0)(0,0)(0,0)(0,0)(0,0)(0,0)(0,0)(0,0)(0,0)(0,0)(0,0)(0,0)(0,0)(0,0)(0,0)(0,0)(0,0)
1335359672 145 Drop: queue:16,3: Headroom full
(0,158760)(0,5340)(0,333696)(0,186912)(0,433140)(0,86772)(0,558600)(0,77952)(0,170328)(2508,967104)(0,195720)(0,89820)(0,106584)(0,66300)(0,391464)(3000,1023120)(0,359940)(0,131496)(0,69888)(0,240984)(0,0)(0,0)(0,0)(0,0)(0,0)(0,0)(0,0)(0,0)(0,0)(0,0)(0,0)(0,0)(0,0)(0,0)(0,0)(0,0)(0,0)(0,0)(0,0)(0,0)(0,0)(0,0)(0,0)(0,0)(0,0)(0,0)(0,0)(0,0)(0,0)(0,0)(0,0)(0,0)(0,0)(0,0)(0,0)(0,0)(0,0)(0,0)(0,0)(0,0)(0,0)(0,0)(0,0)
1335359894 145 Drop: queue:16,3: Headroom full
(0,157764)(0,6456)(0,335808)(0,186912)(0,433140)(0,86772)(0,558600)(0,77952)(0,170328)(2448,967104)(0,195720)(0,89880)(0,106584)(0,66360)(0,391464)(3000,1023120)(0,359940)(0,130440)(0,69888)(0,240984)(0,0)(0,0)(0,0)(0,0)(0,0)(0,0)(0,0)(0,0)(0,0)(0,0)(0,0)(0,0)(0,0)(0,0)(0,0)(0,0)(0,0)(0,0)(0,0)(0,0)(0,0)(0,0)(0,0)(0,0)(0,0)(0,0)(0,0)(0,0)(0,0)(0,0)(0,0)(0,0)(0,0)(0,0)(0,0)(0,0)(0,0)(0,0)(0,0)(0,0)(0,0)(0,0)(0,0)
1335360340 145 Drop: queue:16,3: Headroom full
(0,159816)(0,5340)(0,333816)(0,185856)(0,433140)(0,86772)(0,558600)(0,77952)(0,170388)(2448,967104)(0,196776)(0,90000)(0,106584)(0,66420)(0,391464)(3000,1023120)(0,358884)(0,132552)(0,69888)(0,240984)(0,0)(0,0)(0,0)(0,0)(0,0)(0,0)(0,0)(0,0)(0,0)(0,0)(0,0)(0,0)(0,0)(0,0)(0,0)(0,0)(0,0)(0,0)(0,0)(0,0)(0,0)(0,0)(0,0)(0,0)(0,0)(0,0)(0,0)(0,0)(0,0)(0,0)(0,0)(0,0)(0,0)(0,0)(0,0)(0,0)(0,0)(0,0)(0,0)(0,0)(0,0)(0,0)(0,0)
1335361500 145 Drop: queue:16,3: Headroom full
(0,159936)(0,5460)(0,329472)(0,187968)(0,433140)(0,86772)(0,558600)(0,77952)(0,170568)(2448,967104)(0,198888)(0,90240)(0,106584)(0,66540)(0,391464)(3000,1023120)(0,358884)(0,133608)(0,69888)(0,240984)(0,0)(0,0)(0,0)(0,0)(0,0)(0,0)(0,0)(0,0)(0,0)(0,0)(0,0)(0,0)(0,0)(0,0)(0,0)(0,0)(0,0)(0,0)(0,0)(0,0)(0,0)(0,0)(0,0)(0,0)(0,0)(0,0)(0,0)(0,0)(0,0)(0,0)(0,0)(0,0)(0,0)(0,0)(0,0)(0,0)(0,0)(0,0)(0,0)(0,0)(0,0)(0,0)(0,0)
1335362113 145 Drop: queue:16,3: Headroom full
(0,161112)(0,4344)(0,328416)(0,186912)(0,433140)(0,86772)(0,558600)(0,77952)(0,170628)(2448,967104)(0,199944)(0,90360)(0,106584)(0,66660)(0,391464)(3000,1023120)(0,358884)(0,134664)(0,69888)(0,240984)(0,0)(0,0)(0,0)(0,0)(0,0)(0,0)(0,0)(0,0)(0,0)(0,0)(0,0)(0,0)(0,0)(0,0)(0,0)(0,0)(0,0)(0,0)(0,0)(0,0)(0,0)(0,0)(0,0)(0,0)(0,0)(0,0)(0,0)(0,0)(0,0)(0,0)(0,0)(0,0)(0,0)(0,0)(0,0)(0,0)(0,0)(0,0)(0,0)(0,0)(0,0)(0,0)(0,0)
1335363185 145 Drop: queue:16,3: Headroom full
(0,162228)(0,5400)(0,326304)(0,186912)(0,433140)(0,86772)(0,558600)(0,77952)(0,170748)(2448,967104)(0,201060)(0,90600)(0,106584)(0,66780)(0,391464)(3000,1023120)(0,358944)(0,134664)(0,69888)(0,240984)(0,0)(0,0)(0,0)(0,0)(0,0)(0,0)(0,0)(0,0)(0,0)(0,0)(0,0)(0,0)(0,0)(0,0)(0,0)(0,0)(0,0)(0,0)(0,0)(0,0)(0,0)(0,0)(0,0)(0,0)(0,0)(0,0)(0,0)(0,0)(0,0)(0,0)(0,0)(0,0)(0,0)(0,0)(0,0)(0,0)(0,0)(0,0)(0,0)(0,0)(0,0)(0,0)(0,0)
1335363848 145 Drop: queue:16,3: Headroom full
(0,162288)(0,5400)(0,326304)(0,189024)(0,433140)(0,86772)(0,558600)(0,77952)(0,170868)(2448,967104)(0,202056)(0,90780)(0,106584)(0,66840)(0,391464)(3000,1023120)(0,358884)(0,135720)(0,69888)(0,240984)(0,0)(0,0)(0,0)(0,0)(0,0)(0,0)(0,0)(0,0)(0,0)(0,0)(0,0)(0,0)(0,0)(0,0)(0,0)(0,0)(0,0)(0,0)(0,0)(0,0)(0,0)(0,0)(0,0)(0,0)(0,0)(0,0)(0,0)(0,0)(0,0)(0,0)(0,0)(0,0)(0,0)(0,0)(0,0)(0,0)(0,0)(0,0)(0,0)(0,0)(0,0)(0,0)(0,0)
1335365136 145 Drop: queue:16,3: Headroom full
(0,165456)(0,6456)(0,323136)(0,190080)(0,433140)(0,86772)(0,558600)(0,77952)(0,171048)(2508,967104)(0,204168)(0,91080)(0,107640)(0,66960)(0,391464)(3000,1023120)(0,358884)(0,134664)(0,69888)(0,240984)(0,0)(0,0)(0,0)(0,0)(0,0)(0,0)(0,0)(0,0)(0,0)(0,0)(0,0)(0,0)(0,0)(0,0)(0,0)(0,0)(0,0)(0,0)(0,0)(0,0)(0,0)(0,0)(0,0)(0,0)(0,0)(0,0)(0,0)(0,0)(0,0)(0,0)(0,0)(0,0)(0,0)(0,0)(0,0)(0,0)(0,0)(0,0)(0,0)(0,0)(0,0)(0,0)(0,0)
1335365666 145 Drop: queue:16,3: Headroom full
(0,163344)(0,5460)(0,321024)(0,187968)(0,433140)(0,86832)(0,558600)(0,77952)(0,171108)(2448,967104)(0,205224)(0,91200)(0,106584)(0,67140)(0,391464)(3000,1023120)(0,358884)(0,136776)(0,69888)(0,240984)(0,0)(0,0)(0,0)(0,0)(0,0)(0,0)(0,0)(0,0)(0,0)(0,0)(0,0)(0,0)(0,0)(0,0)(0,0)(0,0)(0,0)(0,0)(0,0)(0,0)(0,0)(0,0)(0,0)(0,0)(0,0)(0,0)(0,0)(0,0)(0,0)(0,0)(0,0)(0,0)(0,0)(0,0)(0,0)(0,0)(0,0)(0,0)(0,0)(0,0)(0,0)(0,0)(0,0)
1335366790 145 Drop: queue:16,3: Headroom full
(0,164460)(0,5400)(0,320028)(0,191136)(0,433140)(0,86772)(0,558600)(0,77952)(0,171228)(2448,967104)(0,207336)(0,91500)(0,106584)(0,67200)(0,391464)(3000,1023120)(0,358884)(0,136776)(0,69888)(0,242040)(0,0)(0,0)(0,0)(0,0)(0,0)(0,0)(0,0)(0,0)(0,0)(0,0)(0,0)(0,0)(0,0)(0,0)(0,0)(0,0)(0,0)(0,0)(0,0)(0,0)(0,0)(0,0)(0,0)(0,0)(0,0)(0,0)(0,0)(0,0)(0,0)(0,0)(0,0)(0,0)(0,0)(0,0)(0,0)(0,0)(0,0)(0,0)(0,0)(0,0)(0,0)(0,0)(0,0)
1335367404 145 Drop: queue:16,3: Headroom full
(0,166632)(0,4344)(0,317916)(0,190080)(0,433140)(0,86772)(0,558600)(0,77952)(0,171288)(2448,967104)(0,208392)(0,91620)(0,106584)(0,67260)(0,391464)(3000,1023120)(0,360000)(0,136776)(0,69888)(0,240984)(0,0)(0,0)(0,0)(0,0)(0,0)(0,0)(0,0)(0,0)(0,0)(0,0)(0,0)(0,0)(0,0)(0,0)(0,0)(0,0)(0,0)(0,0)(0,0)(0,0)(0,0)(0,0)(0,0)(0,0)(0,0)(0,0)(0,0)(0,0)(0,0)(0,0)(0,0)(0,0)(0,0)(0,0)(0,0)(0,0)(0,0)(0,0)(0,0)(0,0)(0,0)(0,0)(0,0)
1335368514 145 Drop: queue:16,3: Headroom full
(0,166752)(0,4404)(0,314688)(0,191136)(0,434196)(0,86772)(0,558600)(0,77952)(0,171408)(2508,967104)(0,209448)(0,91920)(0,106584)(0,67380)(0,391464)(3000,1023120)(0,358944)(0,137832)(0,69888)(0,240984)(0,0)(0,0)(0,0)(0,0)(0,0)(0,0)(0,0)(0,0)(0,0)(0,0)(0,0)(0,0)(0,0)(0,0)(0,0)(0,0)(0,0)(0,0)(0,0)(0,0)(0,0)(0,0)(0,0)(0,0)(0,0)(0,0)(0,0)(0,0)(0,0)(0,0)(0,0)(0,0)(0,0)(0,0)(0,0)(0,0)(0,0)(0,0)(0,0)(0,0)(0,0)(0,0)(0,0)
1335369276 145 Drop: queue:16,3: Headroom full
(0,166752)(0,5400)(0,313752)(0,192192)(0,434196)(0,86772)(0,558600)(0,77952)(0,171528)(2448,967104)(0,211560)(0,92040)(0,106584)(0,67500)(0,391464)(3000,1023120)(0,358944)(0,137832)(0,69888)(0,240984)(0,0)(0,0)(0,0)(0,0)(0,0)(0,0)(0,0)(0,0)(0,0)(0,0)(0,0)(0,0)(0,0)(0,0)(0,0)(0,0)(0,0)(0,0)(0,0)(0,0)(0,0)(0,0)(0,0)(0,0)(0,0)(0,0)(0,0)(0,0)(0,0)(0,0)(0,0)(0,0)(0,0)(0,0)(0,0)(0,0)(0,0)(0,0)(0,0)(0,0)(0,0)(0,0)(0,0)
1335370330 145 Drop: queue:16,3: Headroom full
(0,166812)(0,4284)(0,311520)(0,192192)(0,434196)(0,86772)(0,558600)(0,77952)(0,171648)(2448,967104)(0,212676)(0,92280)(0,106584)(0,67680)(0,391464)(3000,1023120)(0,358944)(0,141000)(0,69888)(0,240984)(0,0)(0,0)(0,0)(0,0)(0,0)(0,0)(0,0)(0,0)(0,0)(0,0)(0,0)(0,0)(0,0)(0,0)(0,0)(0,0)(0,0)(0,0)(0,0)(0,0)(0,0)(0,0)(0,0)(0,0)(0,0)(0,0)(0,0)(0,0)(0,0)(0,0)(0,0)(0,0)(0,0)(0,0)(0,0)(0,0)(0,0)(0,0)(0,0)(0,0)(0,0)(0,0)(0,0)
1335371094 145 Drop: queue:16,3: Headroom full
(0,168924)(0,4404)(0,309408)(0,192192)(0,434196)(0,86772)(0,558600)(0,77952)(0,171768)(2448,967104)(0,212616)(0,92520)(0,106584)(0,67680)(0,391464)(3000,1023120)(0,358944)(0,141000)(0,69888)(0,240984)(0,0)(0,0)(0,0)(0,0)(0,0)(0,0)(0,0)(0,0)(0,0)(0,0)(0,0)(0,0)(0,0)(0,0)(0,0)(0,0)(0,0)(0,0)(0,0)(0,0)(0,0)(0,0)(0,0)(0,0)(0,0)(0,0)(0,0)(0,0)(0,0)(0,0)(0,0)(0,0)(0,0)(0,0)(0,0)(0,0)(0,0)(0,0)(0,0)(0,0)(0,0)(0,0)(0,0)
1335372086 145 Drop: queue:16,3: Headroom full
(0,171156)(0,4344)(0,306240)(0,196476)(0,434196)(0,86772)(0,558600)(0,77952)(0,171888)(2448,967104)(0,212676)(0,92700)(0,106584)(0,67860)(0,391464)(3000,1023120)(0,358944)(0,141000)(0,69888)(0,240984)(0,0)(0,0)(0,0)(0,0)(0,0)(0,0)(0,0)(0,0)(0,0)(0,0)(0,0)(0,0)(0,0)(0,0)(0,0)(0,0)(0,0)(0,0)(0,0)(0,0)(0,0)(0,0)(0,0)(0,0)(0,0)(0,0)(0,0)(0,0)(0,0)(0,0)(0,0)(0,0)(0,0)(0,0)(0,0)(0,0)(0,0)(0,0)(0,0)(0,0)(0,0)(0,0)(0,0)
1335372887 145 Drop: queue:16,3: Headroom full
(0,172212)(0,4344)(0,308352)(0,194304)(0,434196)(0,86772)(0,558600)(0,77952)(0,172008)(2448,967104)(0,212616)(0,92940)(0,106584)(0,68040)(0,391464)(3000,1023120)(0,358944)(0,141060)(0,69888)(0,240984)(0,0)(0,0)(0,0)(0,0)(0,0)(0,0)(0,0)(0,0)(0,0)(0,0)(0,0)(0,0)(0,0)(0,0)(0,0)(0,0)(0,0)(0,0)(0,0)(0,0)(0,0)(0,0)(0,0)(0,0)(0,0)(0,0)(0,0)(0,0)(0,0)(0,0)(0,0)(0,0)(0,0)(0,0)(0,0)(0,0)(0,0)(0,0)(0,0)(0,0)(0,0)(0,0)(0,0)
1335373842 145 Drop: queue:16,3: Headroom full
(0,173328)(0,5520)(0,303072)(0,195420)(0,434196)(0,86772)(0,558600)(0,77952)(0,172128)(2448,967104)(0,212676)(0,93120)(0,106584)(0,68100)(0,391464)(3000,1023120)(0,358944)(0,143352)(0,69888)(0,240984)(0,0)(0,0)(0,0)(0,0)(0,0)(0,0)(0,0)(0,0)(0,0)(0,0)(0,0)(0,0)(0,0)(0,0)(0,0)(0,0)(0,0)(0,0)(0,0)(0,0)(0,0)(0,0)(0,0)(0,0)(0,0)(0,0)(0,0)(0,0)(0,0)(0,0)(0,0)(0,0)(0,0)(0,0)(0,0)(0,0)(0,0)(0,0)(0,0)(0,0)(0,0)(0,0)(0,0)
1335374527 145 Drop: queue:16,3: Headroom full
(0,174384)(0,5460)(0,298908)(0,194364)(0,434196)(0,86772)(0,558600)(0,77952)(0,172188)(2448,967104)(0,212616)(0,93240)(0,106584)(0,68340)(0,391464)(3000,1023120)(0,358944)(0,144588)(0,69888)(0,240984)(0,0)(0,0)(0,0)(0,0)(0,0)(0,0)(0,0)(0,0)(0,0)(0,0)(0,0)(0,0)(0,0)(0,0)(0,0)(0,0)(0,0)(0,0)(0,0)(0,0)(0,0)(0,0)(0,0)(0,0)(0,0)(0,0)(0,0)(0,0)(0,0)(0,0)(0,0)(0,0)(0,0)(0,0)(0,0)(0,0)(0,0)(0,0)(0,0)(0,0)(0,0)(0,0)(0,0)
1335375689 145 Drop: queue:16,3: Headroom full
(0,176436)(0,4464)(0,295680)(0,196416)(0,434196)(0,86772)(0,558600)(0,77952)(0,172368)(2448,967104)(0,212616)(0,93480)(0,106584)(0,68520)(0,391524)(3000,1023120)(0,359004)(0,144588)(0,69888)(0,240984)(0,0)(0,0)(0,0)(0,0)(0,0)(0,0)(0,0)(0,0)(0,0)(0,0)(0,0)(0,0)(0,0)(0,0)(0,0)(0,0)(0,0)(0,0)(0,0)(0,0)(0,0)(0,0)(0,0)(0,0)(0,0)(0,0)(0,0)(0,0)(0,0)(0,0)(0,0)(0,0)(0,0)(0,0)(0,0)(0,0)(0,0)(0,0)(0,0)(0,0)(0,0)(0,0)(0,0)
1335376250 145 Drop: queue:16,3: Headroom full
(0,176556)(0,3228)(0,293568)(0,196416)(0,434196)(0,86772)(0,558600)(0,77952)(0,172428)(2448,967104)(0,212616)(0,93660)(0,107640)(0,68640)(0,391464)(3000,1023120)(0,358944)(0,144648)(0,69888)(0,240984)(0,0)(0,0)(0,0)(0,0)(0,0)(0,0)(0,0)(0,0)(0,0)(0,0)(0,0)(0,0)(0,0)(0,0)(0,0)(0,0)(0,0)(0,0)(0,0)(0,0)(0,0)(0,0)(0,0)(0,0)(0,0)(0,0)(0,0)(0,0)(0,0)(0,0)(0,0)(0,0)(0,0)(0,0)(0,0)(0,0)(0,0)(0,0)(0,0)(0,0)(0,0)(0,0)(0,0)
1335376461 145 Drop: queue:16,3: Headroom full
(0,176496)(0,3288)(0,294624)(0,196416)(0,434196)(0,86832)(0,558600)(0,77952)(0,172488)(2448,967104)(0,212616)(0,93720)(0,106584)(0,68640)(0,391464)(3000,1023120)(0,359004)(0,145644)(0,69888)(0,240984)(0,0)(0,0)(0,0)(0,0)(0,0)(0,0)(0,0)(0,0)(0,0)(0,0)(0,0)(0,0)(0,0)(0,0)(0,0)(0,0)(0,0)(0,0)(0,0)(0,0)(0,0)(0,0)(0,0)(0,0)(0,0)(0,0)(0,0)(0,0)(0,0)(0,0)(0,0)(0,0)(0,0)(0,0)(0,0)(0,0)(0,0)(0,0)(0,0)(0,0)(0,0)(0,0)(0,0)
1335377464 145 Drop: queue:16,3: Headroom full
(0,176496)(0,4344)(0,292572)(0,197532)(0,434196)(0,86772)(0,558600)(0,77952)(0,172608)(2448,967104)(0,212676)(0,93900)(0,106584)(0,68700)(0,391464)(3000,1023120)(0,358944)(0,145644)(0,69888)(0,240984)(0,0)(0,0)(0,0)(0,0)(0,0)(0,0)(0,0)(0,0)(0,0)(0,0)(0,0)(0,0)(0,0)(0,0)(0,0)(0,0)(0,0)(0,0)(0,0)(0,0)(0,0)(0,0)(0,0)(0,0)(0,0)(0,0)(0,0)(0,0)(0,0)(0,0)(0,0)(0,0)(0,0)(0,0)(0,0)(0,0)(0,0)(0,0)(0,0)(0,0)(0,0)(0,0)(0,0)
1335378060 145 Drop: queue:16,3: Headroom full
(0,177612)(0,4284)(0,291516)(0,196416)(0,434196)(0,86772)(0,558600)(0,77952)(0,172668)(2508,967104)(0,212616)(0,94020)(0,106584)(0,68820)(0,391464)(3000,1023120)(0,358944)(0,146700)(0,69888)(0,241044)(0,0)(0,0)(0,0)(0,0)(0,0)(0,0)(0,0)(0,0)(0,0)(0,0)(0,0)(0,0)(0,0)(0,0)(0,0)(0,0)(0,0)(0,0)(0,0)(0,0)(0,0)(0,0)(0,0)(0,0)(0,0)(0,0)(0,0)(0,0)(0,0)(0,0)(0,0)(0,0)(0,0)(0,0)(0,0)(0,0)(0,0)(0,0)(0,0)(0,0)(0,0)(0,0)(0,0)
1335379170 145 Drop: queue:16,3: Headroom full
(0,178848)(0,3228)(0,289344)(0,197472)(0,434196)(0,86772)(0,558600)(0,77952)(0,172848)(2448,967104)(0,212676)(0,94320)(0,106584)(0,68940)(0,391464)(3000,1023120)(0,358944)(0,147756)(0,69888)(0,240984)(0,0)(0,0)(0,0)(0,0)(0,0)(0,0)(0,0)(0,0)(0,0)(0,0)(0,0)(0,0)(0,0)(0,0)(0,0)(0,0)(0,0)(0,0)(0,0)(0,0)(0,0)(0,0)(0,0)(0,0)(0,0)(0,0)(0,0)(0,0)(0,0)(0,0)(0,0)(0,0)(0,0)(0,0)(0,0)(0,0)(0,0)(0,0)(0,0)(0,0)(0,0)(0,0)(0,0)
1335379932 145 Drop: queue:16,3: Headroom full
(0,178848)(0,3288)(0,288348)(0,200640)(0,434196)(0,86772)(0,558600)(0,77952)(0,172908)(2448,967104)(0,212616)(0,94440)(0,106584)(0,69000)(0,391464)(3000,1023120)(0,358944)(0,148812)(0,69888)(0,240984)(0,0)(0,0)(0,0)(0,0)(0,0)(0,0)(0,0)(0,0)(0,0)(0,0)(0,0)(0,0)(0,0)(0,0)(0,0)(0,0)(0,0)(0,0)(0,0)(0,0)(0,0)(0,0)(0,0)(0,0)(0,0)(0,0)(0,0)(0,0)(0,0)(0,0)(0,0)(0,0)(0,0)(0,0)(0,0)(0,0)(0,0)(0,0)(0,0)(0,0)(0,0)(0,0)(0,0)
1335380975 145 Drop: queue:16,3: Headroom full
(0,181020)(0,3348)(0,287292)(0,200700)(0,434196)(0,86772)(0,559656)(0,77952)(0,173088)(2448,967104)(0,212616)(0,94680)(0,106584)(0,69180)(0,391464)(3000,1023120)(0,358944)(0,148812)(0,69888)(0,240984)(0,0)(0,0)(0,0)(0,0)(0,0)(0,0)(0,0)(0,0)(0,0)(0,0)(0,0)(0,0)(0,0)(0,0)(0,0)(0,0)(0,0)(0,0)(0,0)(0,0)(0,0)(0,0)(0,0)(0,0)(0,0)(0,0)(0,0)(0,0)(0,0)(0,0)(0,0)(0,0)(0,0)(0,0)(0,0)(0,0)(0,0)(0,0)(0,0)(0,0)(0,0)(0,0)(0,0)
1335381645 145 Drop: queue:16,3: Headroom full
(0,182136)(0,3348)(0,284064)(0,202752)(0,434196)(0,86772)(0,558600)(0,77952)(0,173148)(2448,967104)(0,212616)(0,94860)(0,106584)(0,69240)(0,391464)(3000,1023120)(0,358944)(0,149928)(0,69888)(0,240984)(0,0)(0,0)(0,0)(0,0)(0,0)(0,0)(0,0)(0,0)(0,0)(0,0)(0,0)(0,0)(0,0)(0,0)(0,0)(0,0)(0,0)(0,0)(0,0)(0,0)(0,0)(0,0)(0,0)(0,0)(0,0)(0,0)(0,0)(0,0)(0,0)(0,0)(0,0)(0,0)(0,0)(0,0)(0,0)(0,0)(0,0)(0,0)(0,0)(0,0)(0,0)(0,0)(0,0)
1335518719 145 Drop: queue:10,3: Headroom full
(0,186396)(0,15024)(0,5148)(0,78144)(0,121500)(0,9564)(0,395916)(0,44076)(0,142188)(1992,1079496)(0,209268)(0,97140)(0,9360)(0,84264)(0,124092)(0,738288)(0,297756)(0,79116)(0,69888)(0,96012)(0,0)(0,0)(0,0)(0,0)(0,0)(0,0)(0,0)(0,0)(0,0)(0,0)(0,0)(0,0)(0,0)(0,0)(0,0)(0,0)(0,0)(0,0)(0,0)(0,0)(0,0)(0,0)(0,0)(0,0)(0,0)(0,0)(0,0)(0,0)(0,0)(0,0)(0,0)(0,0)(0,0)(0,0)(0,0)(0,0)(0,0)(0,0)(0,0)(0,0)(0,0)(0,0)(0,0)
1335532702 145 Drop: queue:10,3: Headroom full
(0,162924)(0,19368)(0,6720)(0,64416)(0,120444)(0,8508)(0,395916)(0,42036)(0,140532)(1992,1090056)(0,208212)(0,97140)(0,8304)(0,84324)(0,124092)(0,722328)(0,266016)(0,66744)(0,69888)(0,96072)(0,0)(0,0)(0,0)(0,0)(0,0)(0,0)(0,0)(0,0)(0,0)(0,0)(0,0)(0,0)(0,0)(0,0)(0,0)(0,0)(0,0)(0,0)(0,0)(0,0)(0,0)(0,0)(0,0)(0,0)(0,0)(0,0)(0,0)(0,0)(0,0)(0,0)(0,0)(0,0)(0,0)(0,0)(0,0)(0,0)(0,0)(0,0)(0,0)(0,0)(0,0)(0,0)(0,0)
1335750932 145 Drop: queue:10,3: Headroom full
(0,313584)(0,148644)(0,110424)(0,217584)(0,119328)(0,8448)(0,12588)(0,11340)(0,133704)(1992,1159608)(0,55092)(0,30552)(0,2112)(0,78288)(0,121920)(0,525228)(0,48600)(0,74976)(0,4356)(0,63216)(0,0)(0,0)(0,0)(0,0)(0,0)(0,0)(0,0)(0,0)(0,0)(0,0)(0,0)(0,0)(0,0)(0,0)(0,0)(0,0)(0,0)(0,0)(0,0)(0,0)(0,0)(0,0)(0,0)(0,0)(0,0)(0,0)(0,0)(0,0)(0,0)(0,0)(0,0)(0,0)(0,0)(0,0)(0,0)(0,0)(0,0)(0,0)(0,0)(0,0)(0,0)(0,0)(0,0)
130977
