Waf: Entering directory `/home/wilson/hpcc/build'
Waf: Leaving directory `/home/wilson/hpcc/build'
'build' finished successfully (0.745s)
ENABLE_QCN			Yes
USE_DYNAMIC_PFC_THRESHOLD	Yes
PACKET_PAYLOAD_SIZE		1500
TOPOLOGY_FILE			experiments/topology.txt
FLOW_FILE			experiments/dctcp_l7/flow.txt
TRACE_FILE			experiments/trace.txt
TRACE_OUTPUT_FILE		experiments/trace.tr
FCT_OUTPUT_FILE		experiments/dctcp_l7/timely/fct.txt
PFC_OUTPUT_FILE				experiments/dctcp_l7/timely/pfc.txt
SIMULATOR_STOP_TIME		4
CC_MODE		7
ALPHA_RESUME_INTERVAL		1
RATE_DECREASE_INTERVAL		4
CLAMP_TARGET_RATE		No
RP_TIMER			300
EWMA_GAIN			0.00390625
FAST_RECOVERY_TIMES		1
RATE_AI				40Mb/s
RATE_HAI			200Mb/s
MIN_RATE		100Mb/s
DCTCP_RATE_AI				1000Mb/s
ERROR_RATE_PER_LINK		0
L2_CHUNK_SIZE			4000
L2_ACK_INTERVAL			1
L2_BACK_TO_ZERO			No
HAS_WIN		0
GLOBAL_T		1
VAR_WIN		0
FAST_REACT		0
U_TARGET		0.95
MI_THRESH		0
INT_MULTI				1
MULTI_RATE				0
SAMPLE_FEEDBACK				0
RATE_BOUND		1
ACK_HIGH_PRIO		1
LINK_DOWN				0 0 0
ENABLE_TRACE				1
KMAX_MAP				 40000000000 640 160000000000 2560
KMIN_MAP				 40000000000 160 160000000000 640
PMAX_MAP				 40000000000 0.2 160000000000 0.2
BUFFER_SIZE				12
QLEN_MON_FILE				experiments/dctcp_l7/timely/qlen.txt
QLEN_MON_START				1000000000
QLEN_MON_END				1100000000
maxRtt=2350 maxBdp=11750
Running Simulation.
1063463317 144 Drop: queue:10,3: Headroom full
(0,674172)(0,98512)(0,43636)(0,1155632)(0,0)(0,2156)(0,0)(0,120)(0,0)(1496,1164548)(0,0)(0,1556)(0,120)(0,0)(0,60)(0,0)(0,0)(0,0)(0,0)(0,720)(0,0)(0,0)(0,0)(0,0)(0,0)(0,0)(0,0)(0,0)(0,0)(0,0)(0,0)(0,0)(0,0)(0,0)(0,0)(0,0)(0,0)(0,0)(0,0)(0,0)(0,0)(0,0)(0,0)(0,0)(0,0)(0,0)(0,0)(0,0)(0,0)(0,0)(0,0)(0,0)(0,0)(0,0)(0,0)(0,0)(0,0)(0,0)(0,0)(0,0)(0,0)(0,0)(0,0)
1063474676 144 Drop: queue:10,3: Headroom full
(0,654184)(0,95460)(0,48364)(0,1191480)(0,0)(0,2216)(0,0)(0,1676)(0,60)(1556,1162992)(0,0)(0,4668)(0,120)(0,0)(0,0)(0,60)(0,0)(0,60)(0,0)(0,420)(0,0)(0,0)(0,0)(0,0)(0,0)(0,0)(0,0)(0,0)(0,0)(0,0)(0,0)(0,0)(0,0)(0,0)(0,0)(0,0)(0,0)(0,0)(0,0)(0,0)(0,0)(0,0)(0,0)(0,0)(0,0)(0,0)(0,0)(0,0)(0,0)(0,0)(0,0)(0,0)(0,0)(0,0)(0,0)(0,0)(0,0)(0,0)(0,0)(0,0)(0,0)(0,0)(0,0)
1063475320 144 Drop: queue:10,3: Headroom full
(0,649636)(0,97016)(0,43576)(0,1191600)(0,0)(0,660)(0,0)(0,1676)(0,1556)(1496,1163052)(0,0)(0,3112)(0,120)(0,0)(0,1556)(0,60)(0,0)(0,0)(0,0)(0,420)(0,0)(0,0)(0,0)(0,0)(0,0)(0,0)(0,0)(0,0)(0,0)(0,0)(0,0)(0,0)(0,0)(0,0)(0,0)(0,0)(0,0)(0,0)(0,0)(0,0)(0,0)(0,0)(0,0)(0,0)(0,0)(0,0)(0,0)(0,0)(0,0)(0,0)(0,0)(0,0)(0,0)(0,0)(0,0)(0,0)(0,0)(0,0)(0,0)(0,0)(0,0)(0,0)(0,0)
1063479251 144 Drop: queue:10,3: Headroom full
(0,644968)(0,92468)(0,46748)(0,1202492)(0,0)(0,660)(0,0)(0,120)(0,0)(1496,1163052)(0,60)(0,3112)(0,180)(0,0)(0,0)(0,60)(0,0)(0,0)(0,0)(0,300)(0,0)(0,0)(0,0)(0,0)(0,0)(0,0)(0,0)(0,0)(0,0)(0,0)(0,0)(0,0)(0,0)(0,0)(0,0)(0,0)(0,0)(0,0)(0,0)(0,0)(0,0)(0,0)(0,0)(0,0)(0,0)(0,0)(0,0)(0,0)(0,0)(0,0)(0,0)(0,0)(0,0)(0,0)(0,0)(0,0)(0,0)(0,0)(0,0)(0,0)(0,0)(0,0)(0,0)
1063488106 144 Drop: queue:10,3: Headroom full
(0,631084)(0,95640)(0,48424)(0,1231936)(0,0)(0,780)(0,0)(0,1676)(0,0)(1496,1159940)(0,0)(0,3112)(0,120)(0,0)(0,0)(0,60)(0,0)(0,0)(0,0)(0,300)(0,0)(0,0)(0,0)(0,0)(0,0)(0,0)(0,0)(0,0)(0,0)(0,0)(0,0)(0,0)(0,0)(0,0)(0,0)(0,0)(0,0)(0,0)(0,0)(0,0)(0,0)(0,0)(0,0)(0,0)(0,0)(0,0)(0,0)(0,0)(0,0)(0,0)(0,0)(0,0)(0,0)(0,0)(0,0)(0,0)(0,0)(0,0)(0,0)(0,0)(0,0)(0,0)(0,0)
1063493346 144 Drop: queue:10,3: Headroom full
(0,625100)(0,94084)(0,51656)(0,1249472)(0,0)(0,780)(0,0)(0,1676)(0,0)(2992,1160060)(0,0)(0,3112)(0,120)(0,0)(0,0)(0,60)(0,0)(0,0)(0,0)(0,240)(0,0)(0,0)(0,0)(0,0)(0,0)(0,0)(0,0)(0,0)(0,0)(0,0)(0,0)(0,0)(0,0)(0,0)(0,0)(0,0)(0,0)(0,0)(0,0)(0,0)(0,0)(0,0)(0,0)(0,0)(0,0)(0,0)(0,0)(0,0)(0,0)(0,0)(0,0)(0,0)(0,0)(0,0)(0,0)(0,0)(0,0)(0,0)(0,0)(0,0)(0,0)(0,0)(0,0)
1063493712 144 Drop: queue:10,3: Headroom full
(0,623424)(0,97316)(0,53272)(0,1250788)(0,0)(0,780)(0,0)(0,120)(0,0)(2992,1160060)(0,0)(0,3112)(0,120)(0,0)(0,0)(0,60)(0,0)(0,0)(0,0)(0,240)(0,0)(0,0)(0,0)(0,0)(0,0)(0,0)(0,0)(0,0)(0,0)(0,0)(0,0)(0,0)(0,0)(0,0)(0,0)(0,0)(0,0)(0,0)(0,0)(0,0)(0,0)(0,0)(0,0)(0,0)(0,0)(0,0)(0,0)(0,0)(0,0)(0,0)(0,0)(0,0)(0,0)(0,0)(0,0)(0,0)(0,0)(0,0)(0,0)(0,0)(0,0)(0,0)(0,0)
1063505760 144 Drop: queue:10,3: Headroom full
(0,610976)(0,89656)(0,61292)(0,1286636)(0,0)(0,780)(0,0)(0,1676)(0,0)(1496,1156948)(0,0)(0,3112)(0,120)(0,0)(0,60)(0,60)(0,1556)(0,60)(0,0)(0,240)(0,0)(0,0)(0,0)(0,0)(0,0)(0,0)(0,0)(0,0)(0,0)(0,0)(0,0)(0,0)(0,0)(0,0)(0,0)(0,0)(0,0)(0,0)(0,0)(0,0)(0,0)(0,0)(0,0)(0,0)(0,0)(0,0)(0,0)(0,0)(0,0)(0,0)(0,0)(0,0)(0,0)(0,0)(0,0)(0,0)(0,0)(0,0)(0,0)(0,0)(0,0)(0,0)(0,0)
1063510837 144 Drop: queue:10,3: Headroom full
(0,603436)(0,86544)(0,58240)(0,1286576)(0,60)(0,780)(0,0)(0,3232)(0,0)(1496,1156948)(0,0)(0,3112)(0,120)(0,0)(0,0)(0,60)(0,0)(0,0)(0,0)(0,240)(0,0)(0,0)(0,0)(0,0)(0,0)(0,0)(0,0)(0,0)(0,0)(0,0)(0,0)(0,0)(0,0)(0,0)(0,0)(0,0)(0,0)(0,0)(0,0)(0,0)(0,0)(0,0)(0,0)(0,0)(0,0)(0,0)(0,0)(0,0)(0,0)(0,0)(0,0)(0,0)(0,0)(0,0)(0,0)(0,0)(0,0)(0,0)(0,0)(0,0)(0,0)(0,0)(0,0)
1063515919 144 Drop: queue:10,3: Headroom full
(0,598768)(0,81876)(0,62848)(0,1281848)(0,0)(0,780)(0,0)(0,4788)(0,0)(1496,1158504)(0,0)(0,3112)(0,120)(0,0)(0,0)(0,60)(0,0)(0,0)(0,0)(0,180)(0,0)(0,0)(0,0)(0,0)(0,0)(0,0)(0,0)(0,0)(0,0)(0,0)(0,0)(0,0)(0,0)(0,0)(0,0)(0,0)(0,0)(0,0)(0,0)(0,0)(0,0)(0,0)(0,0)(0,0)(0,0)(0,0)(0,0)(0,0)(0,0)(0,0)(0,0)(0,0)(0,0)(0,0)(0,0)(0,0)(0,0)(0,0)(0,0)(0,0)(0,0)(0,0)(0,0)
1063521034 144 Drop: queue:10,3: Headroom full
(0,592604)(0,80320)(0,67576)(0,1283524)(0,60)(0,840)(0,0)(0,4788)(0,0)(1556,1158504)(0,0)(0,3112)(0,120)(0,1556)(0,0)(0,120)(0,0)(0,0)(0,0)(0,240)(0,0)(0,0)(0,0)(0,0)(0,0)(0,0)(0,0)(0,0)(0,0)(0,0)(0,0)(0,0)(0,0)(0,0)(0,0)(0,0)(0,0)(0,0)(0,0)(0,0)(0,0)(0,0)(0,0)(0,0)(0,0)(0,0)(0,0)(0,0)(0,0)(0,0)(0,0)(0,0)(0,0)(0,0)(0,0)(0,0)(0,0)(0,0)(0,0)(0,0)(0,0)(0,0)(0,0)
1063525844 144 Drop: queue:10,3: Headroom full
(0,584884)(0,77028)(0,66380)(0,1283644)(0,60)(0,2336)(0,60)(0,7900)(0,0)(1496,1160000)(0,0)(0,3112)(0,120)(0,0)(0,0)(0,120)(0,0)(0,60)(0,0)(0,240)(0,0)(0,0)(0,0)(0,0)(0,0)(0,0)(0,0)(0,0)(0,0)(0,0)(0,0)(0,0)(0,0)(0,0)(0,0)(0,0)(0,0)(0,0)(0,0)(0,0)(0,0)(0,0)(0,0)(0,0)(0,0)(0,0)(0,0)(0,0)(0,0)(0,0)(0,0)(0,0)(0,0)(0,0)(0,0)(0,0)(0,0)(0,0)(0,0)(0,0)(0,0)(0,0)(0,0)
1063530135 144 Drop: queue:10,3: Headroom full
(0,581772)(0,75772)(0,67996)(0,1285260)(0,60)(0,840)(0,0)(0,6344)(0,60)(1496,1159940)(0,1556)(0,3112)(0,1736)(0,60)(0,0)(0,60)(0,0)(0,60)(0,0)(0,300)(0,0)(0,0)(0,0)(0,0)(0,0)(0,0)(0,0)(0,0)(0,0)(0,0)(0,0)(0,0)(0,0)(0,0)(0,0)(0,0)(0,0)(0,0)(0,0)(0,0)(0,0)(0,0)(0,0)(0,0)(0,0)(0,0)(0,0)(0,0)(0,0)(0,0)(0,0)(0,0)(0,0)(0,0)(0,0)(0,0)(0,0)(0,0)(0,0)(0,0)(0,0)(0,0)(0,0)
1063532819 144 Drop: queue:10,3: Headroom full
(0,574172)(0,73976)(0,67936)(0,1290288)(0,0)(0,900)(0,0)(0,7900)(0,0)(1496,1159880)(0,0)(0,3112)(0,180)(0,0)(0,0)(0,60)(0,0)(0,60)(0,0)(0,300)(0,0)(0,0)(0,0)(0,0)(0,0)(0,0)(0,0)(0,0)(0,0)(0,0)(0,0)(0,0)(0,0)(0,0)(0,0)(0,0)(0,0)(0,0)(0,0)(0,0)(0,0)(0,0)(0,0)(0,0)(0,0)(0,0)(0,0)(0,0)(0,0)(0,0)(0,0)(0,0)(0,0)(0,0)(0,0)(0,0)(0,0)(0,0)(0,0)(0,0)(0,0)(0,0)(0,0)
1063540927 144 Drop: queue:10,3: Headroom full
(0,561724)(0,66076)(0,71048)(0,1281552)(0,0)(0,900)(0,1556)(0,11012)(0,0)(1496,1162872)(0,0)(0,4668)(0,180)(0,0)(0,0)(0,120)(0,0)(0,0)(0,0)(0,240)(0,0)(0,0)(0,0)(0,0)(0,0)(0,0)(0,0)(0,0)(0,0)(0,0)(0,0)(0,0)(0,0)(0,0)(0,0)(0,0)(0,0)(0,0)(0,0)(0,0)(0,0)(0,0)(0,0)(0,0)(0,0)(0,0)(0,0)(0,0)(0,0)(0,0)(0,0)(0,0)(0,0)(0,0)(0,0)(0,0)(0,0)(0,0)(0,0)(0,0)(0,0)(0,0)(0,0)
1063546448 144 Drop: queue:10,3: Headroom full
(0,557116)(0,72600)(0,69612)(0,1278500)(0,1556)(0,2456)(0,0)(0,9456)(0,0)(1556,1164248)(0,0)(0,3112)(0,120)(0,3112)(0,0)(0,60)(0,60)(0,0)(0,0)(0,300)(0,0)(0,0)(0,0)(0,0)(0,0)(0,0)(0,0)(0,0)(0,0)(0,0)(0,0)(0,0)(0,0)(0,0)(0,0)(0,0)(0,0)(0,0)(0,0)(0,0)(0,0)(0,0)(0,0)(0,0)(0,0)(0,0)(0,0)(0,0)(0,0)(0,0)(0,0)(0,0)(0,0)(0,0)(0,0)(0,0)(0,0)(0,0)(0,0)(0,0)(0,0)(0,0)(0,0)
1063552319 144 Drop: queue:10,3: Headroom full
(0,560228)(0,73916)(0,74280)(0,1275568)(0,1556)(0,900)(0,0)(0,11012)(0,60)(1496,1162632)(0,0)(0,3172)(0,120)(0,0)(0,1556)(0,180)(0,0)(0,60)(0,0)(0,300)(0,0)(0,0)(0,0)(0,0)(0,0)(0,0)(0,0)(0,0)(0,0)(0,0)(0,0)(0,0)(0,0)(0,0)(0,0)(0,0)(0,0)(0,0)(0,0)(0,0)(0,0)(0,0)(0,0)(0,0)(0,0)(0,0)(0,0)(0,0)(0,0)(0,0)(0,0)(0,0)(0,0)(0,0)(0,0)(0,0)(0,0)(0,0)(0,0)(0,0)(0,0)(0,0)(0,0)
1063562064 144 Drop: queue:10,3: Headroom full
(0,574292)(0,75952)(0,75776)(0,1282212)(0,1556)(0,2516)(0,0)(0,12568)(0,1556)(1496,1159280)(0,60)(0,3112)(0,1676)(0,3112)(0,60)(0,120)(0,1556)(0,0)(0,0)(0,300)(0,0)(0,0)(0,0)(0,0)(0,0)(0,0)(0,0)(0,0)(0,0)(0,0)(0,0)(0,0)(0,0)(0,0)(0,0)(0,0)(0,0)(0,0)(0,0)(0,0)(0,0)(0,0)(0,0)(0,0)(0,0)(0,0)(0,0)(0,0)(0,0)(0,0)(0,0)(0,0)(0,0)(0,0)(0,0)(0,0)(0,0)(0,0)(0,0)(0,0)(0,0)(0,0)(0,0)
1063571727 144 Drop: queue:10,3: Headroom full
(0,586860)(0,80860)(0,80264)(0,1282152)(0,60)(0,2456)(0,0)(0,15680)(0,0)(1496,1156168)(0,60)(0,3112)(0,180)(0,3112)(0,0)(0,120)(0,60)(0,0)(0,0)(0,360)(0,0)(0,0)(0,0)(0,0)(0,0)(0,0)(0,0)(0,0)(0,0)(0,0)(0,0)(0,0)(0,0)(0,0)(0,0)(0,0)(0,0)(0,0)(0,0)(0,0)(0,0)(0,0)(0,0)(0,0)(0,0)(0,0)(0,0)(0,0)(0,0)(0,0)(0,0)(0,0)(0,0)(0,0)(0,0)(0,0)(0,0)(0,0)(0,0)(0,0)(0,0)(0,0)(0,0)
1063572349 144 Drop: queue:10,3: Headroom full
(0,586980)(0,82356)(0,80324)(0,1286880)(0,60)(0,900)(0,0)(0,15680)(0,0)(1556,1156108)(0,60)(0,4668)(0,180)(0,3112)(0,0)(0,120)(0,60)(0,0)(0,0)(0,360)(0,0)(0,0)(0,0)(0,0)(0,0)(0,0)(0,0)(0,0)(0,0)(0,0)(0,0)(0,0)(0,0)(0,0)(0,0)(0,0)(0,0)(0,0)(0,0)(0,0)(0,0)(0,0)(0,0)(0,0)(0,0)(0,0)(0,0)(0,0)(0,0)(0,0)(0,0)(0,0)(0,0)(0,0)(0,0)(0,0)(0,0)(0,0)(0,0)(0,0)(0,0)(0,0)(0,0)
1063576070 144 Drop: queue:10,3: Headroom full
(0,593264)(0,90616)(0,86668)(0,1287120)(0,60)(0,900)(0,0)(0,15680)(0,0)(1556,1154552)(0,60)(0,3112)(0,180)(0,3172)(0,0)(0,120)(0,0)(0,0)(0,0)(0,360)(0,0)(0,0)(0,0)(0,0)(0,0)(0,0)(0,0)(0,0)(0,0)(0,0)(0,0)(0,0)(0,0)(0,0)(0,0)(0,0)(0,0)(0,0)(0,0)(0,0)(0,0)(0,0)(0,0)(0,0)(0,0)(0,0)(0,0)(0,0)(0,0)(0,0)(0,0)(0,0)(0,0)(0,0)(0,0)(0,0)(0,0)(0,0)(0,0)(0,0)(0,0)(0,0)(0,0)
1063576392 144 Drop: queue:10,3: Headroom full
(0,591768)(0,89120)(0,88164)(0,1284068)(0,0)(0,900)(0,60)(0,15680)(0,0)(1496,1154612)(0,0)(0,3112)(0,180)(0,4668)(0,0)(0,120)(0,0)(0,60)(0,0)(0,360)(0,0)(0,0)(0,0)(0,0)(0,0)(0,0)(0,0)(0,0)(0,0)(0,0)(0,0)(0,0)(0,0)(0,0)(0,0)(0,0)(0,0)(0,0)(0,0)(0,0)(0,0)(0,0)(0,0)(0,0)(0,0)(0,0)(0,0)(0,0)(0,0)(0,0)(0,0)(0,0)(0,0)(0,0)(0,0)(0,0)(0,0)(0,0)(0,0)(0,0)(0,0)(0,0)(0,0)
1063580746 144 Drop: queue:10,3: Headroom full
(0,605412)(0,101688)(0,89360)(0,1284128)(0,60)(0,960)(0,0)(0,15680)(0,0)(1496,1151500)(0,0)(0,3112)(0,180)(0,3112)(0,60)(0,1676)(0,0)(0,60)(0,0)(0,360)(0,0)(0,0)(0,0)(0,0)(0,0)(0,0)(0,0)(0,0)(0,0)(0,0)(0,0)(0,0)(0,0)(0,0)(0,0)(0,0)(0,0)(0,0)(0,0)(0,0)(0,0)(0,0)(0,0)(0,0)(0,0)(0,0)(0,0)(0,0)(0,0)(0,0)(0,0)(0,0)(0,0)(0,0)(0,0)(0,0)(0,0)(0,0)(0,0)(0,0)(0,0)(0,0)(0,0)
1063584811 144 Drop: queue:10,3: Headroom full
(0,605652)(0,112940)(0,90020)(0,1290472)(0,0)(0,900)(0,0)(0,18792)(0,60)(1556,1148328)(0,0)(0,3112)(0,180)(0,3112)(0,1556)(0,120)(0,60)(0,60)(0,1556)(0,360)(0,0)(0,0)(0,0)(0,0)(0,0)(0,0)(0,0)(0,0)(0,0)(0,0)(0,0)(0,0)(0,0)(0,0)(0,0)(0,0)(0,0)(0,0)(0,0)(0,0)(0,0)(0,0)(0,0)(0,0)(0,0)(0,0)(0,0)(0,0)(0,0)(0,0)(0,0)(0,0)(0,0)(0,0)(0,0)(0,0)(0,0)(0,0)(0,0)(0,0)(0,0)(0,0)(0,0)
1063590804 144 Drop: queue:10,3: Headroom full
(0,611816)(0,126768)(0,100852)(0,1292148)(0,0)(0,900)(0,60)(0,18792)(0,0)(1496,1145276)(0,0)(0,3112)(0,180)(0,6224)(0,0)(0,1676)(0,0)(0,60)(0,0)(0,420)(0,0)(0,0)(0,0)(0,0)(0,0)(0,0)(0,0)(0,0)(0,0)(0,0)(0,0)(0,0)(0,0)(0,0)(0,0)(0,0)(0,0)(0,0)(0,0)(0,0)(0,0)(0,0)(0,0)(0,0)(0,0)(0,0)(0,0)(0,0)(0,0)(0,0)(0,0)(0,0)(0,0)(0,0)(0,0)(0,0)(0,0)(0,0)(0,0)(0,0)(0,0)(0,0)(0,0)
1063596587 144 Drop: queue:10,3: Headroom full
(0,621272)(0,140356)(0,112164)(0,1298792)(0,0)(0,1020)(0,60)(0,18852)(0,0)(1556,1140548)(0,0)(0,4668)(0,180)(0,3112)(0,0)(0,3232)(0,0)(0,0)(0,0)(0,360)(0,0)(0,0)(0,0)(0,0)(0,0)(0,0)(0,0)(0,0)(0,0)(0,0)(0,0)(0,0)(0,0)(0,0)(0,0)(0,0)(0,0)(0,0)(0,0)(0,0)(0,0)(0,0)(0,0)(0,0)(0,0)(0,0)(0,0)(0,0)(0,0)(0,0)(0,0)(0,0)(0,0)(0,0)(0,0)(0,0)(0,0)(0,0)(0,0)(0,0)(0,0)(0,0)(0,0)
1063597209 144 Drop: queue:10,3: Headroom full
(0,622708)(0,137424)(0,112104)(0,1297296)(0,0)(0,960)(0,1616)(0,21964)(0,0)(1556,1140548)(0,0)(0,4668)(0,1736)(0,3112)(0,0)(0,1676)(0,0)(0,0)(0,0)(0,360)(0,0)(0,0)(0,0)(0,0)(0,0)(0,0)(0,0)(0,0)(0,0)(0,0)(0,0)(0,0)(0,0)(0,0)(0,0)(0,0)(0,0)(0,0)(0,0)(0,0)(0,0)(0,0)(0,0)(0,0)(0,0)(0,0)(0,0)(0,0)(0,0)(0,0)(0,0)(0,0)(0,0)(0,0)(0,0)(0,0)(0,0)(0,0)(0,0)(0,0)(0,0)(0,0)(0,0)
1063603064 144 Drop: queue:10,3: Headroom full
(0,636532)(0,153824)(0,123416)(0,1300708)(0,0)(0,1020)(0,1556)(0,21964)(0,0)(1556,1137436)(0,0)(0,4668)(0,180)(0,6224)(0,0)(0,3232)(0,60)(0,0)(0,0)(0,360)(0,0)(0,0)(0,0)(0,0)(0,0)(0,0)(0,0)(0,0)(0,0)(0,0)(0,0)(0,0)(0,0)(0,0)(0,0)(0,0)(0,0)(0,0)(0,0)(0,0)(0,0)(0,0)(0,0)(0,0)(0,0)(0,0)(0,0)(0,0)(0,0)(0,0)(0,0)(0,0)(0,0)(0,0)(0,0)(0,0)(0,0)(0,0)(0,0)(0,0)(0,0)(0,0)(0,0)
1063609304 144 Drop: queue:10,3: Headroom full
(0,641140)(0,166572)(0,128264)(0,1305676)(0,60)(0,1080)(0,0)(0,21964)(0,1616)(1496,1132828)(0,0)(0,4668)(0,1736)(0,6224)(0,0)(0,4788)(0,0)(0,0)(0,0)(0,360)(0,0)(0,0)(0,0)(0,0)(0,0)(0,0)(0,0)(0,0)(0,0)(0,0)(0,0)(0,0)(0,0)(0,0)(0,0)(0,0)(0,0)(0,0)(0,0)(0,0)(0,0)(0,0)(0,0)(0,0)(0,0)(0,0)(0,0)(0,0)(0,0)(0,0)(0,0)(0,0)(0,0)(0,0)(0,0)(0,0)(0,0)(0,0)(0,0)(0,0)(0,0)(0,0)(0,0)
1063615026 144 Drop: queue:10,3: Headroom full
(0,643056)(0,174472)(0,142208)(0,1309388)(0,60)(0,1140)(0,0)(0,23520)(0,1556)(1556,1129656)(0,0)(0,4668)(0,180)(0,6224)(0,0)(0,3352)(0,60)(0,0)(0,0)(0,360)(0,0)(0,0)(0,0)(0,0)(0,0)(0,0)(0,0)(0,0)(0,0)(0,0)(0,0)(0,0)(0,0)(0,0)(0,0)(0,0)(0,0)(0,0)(0,0)(0,0)(0,0)(0,0)(0,0)(0,0)(0,0)(0,0)(0,0)(0,0)(0,0)(0,0)(0,0)(0,0)(0,0)(0,0)(0,0)(0,0)(0,0)(0,0)(0,0)(0,0)(0,0)(0,0)(0,0)
1063621487 144 Drop: queue:10,3: Headroom full
(0,651196)(0,186380)(0,159684)(0,1314356)(0,0)(0,1200)(0,0)(0,25076)(0,0)(1556,1124988)(0,0)(0,4668)(0,1736)(0,6224)(0,0)(0,4788)(0,0)(0,0)(0,0)(0,2036)(0,0)(0,0)(0,0)(0,0)(0,0)(0,0)(0,0)(0,0)(0,0)(0,0)(0,0)(0,0)(0,0)(0,0)(0,0)(0,0)(0,0)(0,0)(0,0)(0,0)(0,0)(0,0)(0,0)(0,0)(0,0)(0,0)(0,0)(0,0)(0,0)(0,0)(0,0)(0,0)(0,0)(0,0)(0,0)(0,0)(0,0)(0,0)(0,0)(0,0)(0,0)(0,0)(0,0)
1063633616 144 Drop: queue:10,3: Headroom full
(0,633900)(0,216244)(0,213008)(0,1305920)(0,0)(0,2876)(0,60)(0,29744)(0,0)(1496,1117268)(0,1556)(0,4668)(0,240)(0,6284)(0,60)(0,6344)(0,0)(0,0)(0,0)(0,420)(0,0)(0,0)(0,0)(0,0)(0,0)(0,0)(0,0)(0,0)(0,0)(0,0)(0,0)(0,0)(0,0)(0,0)(0,0)(0,0)(0,0)(0,0)(0,0)(0,0)(0,0)(0,0)(0,0)(0,0)(0,0)(0,0)(0,0)(0,0)(0,0)(0,0)(0,0)(0,0)(0,0)(0,0)(0,0)(0,0)(0,0)(0,0)(0,0)(0,0)(0,0)(0,0)(0,0)
1063647633 144 Drop: queue:10,3: Headroom full
(0,596256)(0,236952)(0,288952)(0,1306340)(0,0)(0,1440)(0,0)(0,32856)(0,60)(1556,1109428)(0,0)(0,4668)(0,180)(0,9336)(0,0)(0,6404)(0,1616)(0,1616)(0,0)(0,420)(0,0)(0,0)(0,0)(0,0)(0,0)(0,0)(0,0)(0,0)(0,0)(0,0)(0,0)(0,0)(0,0)(0,0)(0,0)(0,0)(0,0)(0,0)(0,0)(0,0)(0,0)(0,0)(0,0)(0,0)(0,0)(0,0)(0,0)(0,0)(0,0)(0,0)(0,0)(0,0)(0,0)(0,0)(0,0)(0,0)(0,0)(0,0)(0,0)(0,0)(0,0)(0,0)(0,0)
1063652101 144 Drop: queue:10,3: Headroom full
(0,583688)(0,246408)(0,309480)(0,1306580)(0,0)(0,1500)(0,60)(0,34412)(0,0)(1556,1107872)(0,0)(0,4668)(0,180)(0,9336)(0,60)(0,7960)(0,0)(0,0)(0,0)(0,420)(0,0)(0,0)(0,0)(0,0)(0,0)(0,0)(0,0)(0,0)(0,0)(0,0)(0,0)(0,0)(0,0)(0,0)(0,0)(0,0)(0,0)(0,0)(0,0)(0,0)(0,0)(0,0)(0,0)(0,0)(0,0)(0,0)(0,0)(0,0)(0,0)(0,0)(0,0)(0,0)(0,0)(0,0)(0,0)(0,0)(0,0)(0,0)(0,0)(0,0)(0,0)(0,0)(0,0)
1063657638 144 Drop: queue:10,3: Headroom full
(0,566692)(0,257420)(0,326476)(0,1305384)(0,0)(0,1500)(0,0)(0,37524)(0,1556)(1496,1104820)(0,0)(0,4668)(0,180)(0,12448)(0,0)(0,9516)(0,0)(0,0)(0,0)(0,420)(0,0)(0,0)(0,0)(0,0)(0,0)(0,0)(0,0)(0,0)(0,0)(0,0)(0,0)(0,0)(0,0)(0,0)(0,0)(0,0)(0,0)(0,0)(0,0)(0,0)(0,0)(0,0)(0,0)(0,0)(0,0)(0,0)(0,0)(0,0)(0,0)(0,0)(0,0)(0,0)(0,0)(0,0)(0,0)(0,0)(0,0)(0,0)(0,0)(0,0)(0,0)(0,0)(0,0)
1063663461 144 Drop: queue:10,3: Headroom full
(0,558792)(0,265620)(0,357596)(0,1307180)(0,60)(0,3176)(0,0)(0,39080)(0,0)(1496,1101708)(0,60)(0,4668)(0,1736)(0,9336)(0,0)(0,9576)(0,0)(0,0)(0,0)(0,420)(0,0)(0,0)(0,0)(0,0)(0,0)(0,0)(0,0)(0,0)(0,0)(0,0)(0,0)(0,0)(0,0)(0,0)(0,0)(0,0)(0,0)(0,0)(0,0)(0,0)(0,0)(0,0)(0,0)(0,0)(0,0)(0,0)(0,0)(0,0)(0,0)(0,0)(0,0)(0,0)(0,0)(0,0)(0,0)(0,0)(0,0)(0,0)(0,0)(0,0)(0,0)(0,0)(0,0)
1063664094 144 Drop: queue:10,3: Headroom full
(0,552568)(0,271664)(0,359332)(0,1310412)(0,0)(0,1620)(0,0)(0,40636)(0,60)(1556,1101648)(0,0)(0,4728)(0,1796)(0,9336)(0,0)(0,9516)(0,0)(0,1556)(0,0)(0,420)(0,0)(0,0)(0,0)(0,0)(0,0)(0,0)(0,0)(0,0)(0,0)(0,0)(0,0)(0,0)(0,0)(0,0)(0,0)(0,0)(0,0)(0,0)(0,0)(0,0)(0,0)(0,0)(0,0)(0,0)(0,0)(0,0)(0,0)(0,0)(0,0)(0,0)(0,0)(0,0)(0,0)(0,0)(0,0)(0,0)(0,0)(0,0)(0,0)(0,0)(0,0)(0,0)(0,0)
1063673746 144 Drop: queue:10,3: Headroom full
(0,532460)(0,284292)(0,373516)(0,1310472)(0,1556)(0,1680)(0,0)(0,45304)(0,0)(2992,1100212)(0,0)(0,4668)(0,240)(0,12448)(0,0)(0,9516)(0,0)(0,60)(0,0)(0,480)(0,0)(0,0)(0,0)(0,0)(0,0)(0,0)(0,0)(0,0)(0,0)(0,0)(0,0)(0,0)(0,0)(0,0)(0,0)(0,0)(0,0)(0,0)(0,0)(0,0)(0,0)(0,0)(0,0)(0,0)(0,0)(0,0)(0,0)(0,0)(0,0)(0,0)(0,0)(0,0)(0,0)(0,0)(0,0)(0,0)(0,0)(0,0)(0,0)(0,0)(0,0)(0,0)(0,0)
1063673769 144 Drop: queue:10,3: Headroom full
(0,532460)(0,284292)(0,373516)(0,1310472)(0,1556)(0,1680)(0,0)(0,45304)(0,0)(2992,1100212)(0,0)(0,4668)(0,240)(0,12448)(0,0)(0,9516)(0,0)(0,60)(0,0)(0,480)(0,0)(0,0)(0,0)(0,0)(0,0)(0,0)(0,0)(0,0)(0,0)(0,0)(0,0)(0,0)(0,0)(0,0)(0,0)(0,0)(0,0)(0,0)(0,0)(0,0)(0,0)(0,0)(0,0)(0,0)(0,0)(0,0)(0,0)(0,0)(0,0)(0,0)(0,0)(0,0)(0,0)(0,0)(0,0)(0,0)(0,0)(0,0)(0,0)(0,0)(0,0)(0,0)(0,0)
1063674080 144 Drop: queue:10,3: Headroom full
(0,532520)(0,287344)(0,370464)(0,1312088)(0,1556)(0,1680)(0,0)(0,45304)(0,60)(2992,1100212)(0,0)(0,4668)(0,1796)(0,12448)(0,60)(0,9516)(0,0)(0,60)(0,0)(0,480)(0,0)(0,0)(0,0)(0,0)(0,0)(0,0)(0,0)(0,0)(0,0)(0,0)(0,0)(0,0)(0,0)(0,0)(0,0)(0,0)(0,0)(0,0)(0,0)(0,0)(0,0)(0,0)(0,0)(0,0)(0,0)(0,0)(0,0)(0,0)(0,0)(0,0)(0,0)(0,0)(0,0)(0,0)(0,0)(0,0)(0,0)(0,0)(0,0)(0,0)(0,0)(0,0)(0,0)
1063679313 144 Drop: queue:10,3: Headroom full
(0,517020)(0,295364)(0,369088)(0,1314004)(0,1556)(0,1740)(0,0)(0,46860)(0,0)(1556,1100092)(0,0)(0,4668)(0,180)(0,15560)(0,0)(0,11132)(0,0)(0,0)(0,0)(0,420)(0,0)(0,0)(0,0)(0,0)(0,0)(0,0)(0,0)(0,0)(0,0)(0,0)(0,0)(0,0)(0,0)(0,0)(0,0)(0,0)(0,0)(0,0)(0,0)(0,0)(0,0)(0,0)(0,0)(0,0)(0,0)(0,0)(0,0)(0,0)(0,0)(0,0)(0,0)(0,0)(0,0)(0,0)(0,0)(0,0)(0,0)(0,0)(0,0)(0,0)(0,0)(0,0)(0,0)
1063683720 144 Drop: queue:10,3: Headroom full
(0,495476)(0,306196)(0,369208)(0,1321844)(0,1556)(0,1800)(0,0)(0,46860)(0,1556)(1556,1100092)(0,0)(0,4668)(0,1676)(0,12448)(0,1556)(0,11132)(0,0)(0,0)(0,0)(0,420)(0,0)(0,0)(0,0)(0,0)(0,0)(0,0)(0,0)(0,0)(0,0)(0,0)(0,0)(0,0)(0,0)(0,0)(0,0)(0,0)(0,0)(0,0)(0,0)(0,0)(0,0)(0,0)(0,0)(0,0)(0,0)(0,0)(0,0)(0,0)(0,0)(0,0)(0,0)(0,0)(0,0)(0,0)(0,0)(0,0)(0,0)(0,0)(0,0)(0,0)(0,0)(0,0)(0,0)
1063692681 144 Drop: queue:10,3: Headroom full
(0,461544)(0,323672)(0,358436)(0,1317536)(0,1556)(0,3416)(0,0)(0,51528)(0,0)(1496,1101708)(0,0)(0,4668)(0,120)(0,17176)(0,0)(0,12688)(0,0)(0,60)(0,0)(0,480)(0,0)(0,0)(0,0)(0,0)(0,0)(0,0)(0,0)(0,0)(0,0)(0,0)(0,0)(0,0)(0,0)(0,0)(0,0)(0,0)(0,0)(0,0)(0,0)(0,0)(0,0)(0,0)(0,0)(0,0)(0,0)(0,0)(0,0)(0,0)(0,0)(0,0)(0,0)(0,0)(0,0)(0,0)(0,0)(0,0)(0,0)(0,0)(0,0)(0,0)(0,0)(0,0)(0,0)
1063697093 144 Drop: queue:10,3: Headroom full
(0,447480)(0,331392)(0,355384)(0,1314664)(0,1616)(0,1860)(0,60)(0,54640)(0,0)(1556,1103204)(0,0)(0,4668)(0,120)(0,18672)(0,0)(0,12748)(0,0)(0,60)(0,1556)(0,480)(0,0)(0,0)(0,0)(0,0)(0,0)(0,0)(0,0)(0,0)(0,0)(0,0)(0,0)(0,0)(0,0)(0,0)(0,0)(0,0)(0,0)(0,0)(0,0)(0,0)(0,0)(0,0)(0,0)(0,0)(0,0)(0,0)(0,0)(0,0)(0,0)(0,0)(0,0)(0,0)(0,0)(0,0)(0,0)(0,0)(0,0)(0,0)(0,0)(0,0)(0,0)(0,0)(0,0)
1063710740 144 Drop: queue:10,3: Headroom full
(0,404092)(0,318764)(0,341500)(0,1307724)(0,0)(0,1800)(0,0)(0,60864)(0,60)(1496,1111044)(0,0)(0,4668)(0,180)(0,18672)(0,0)(0,15800)(0,0)(0,0)(0,0)(0,2036)(0,0)(0,0)(0,0)(0,0)(0,0)(0,0)(0,0)(0,0)(0,0)(0,0)(0,0)(0,0)(0,0)(0,0)(0,0)(0,0)(0,0)(0,0)(0,0)(0,0)(0,0)(0,0)(0,0)(0,0)(0,0)(0,0)(0,0)(0,0)(0,0)(0,0)(0,0)(0,0)(0,0)(0,0)(0,0)(0,0)(0,0)(0,0)(0,0)(0,0)(0,0)(0,0)(0,0)
1063711051 144 Drop: queue:10,3: Headroom full
(0,402536)(0,320320)(0,338388)(0,1304432)(0,0)(0,1860)(0,0)(0,62420)(0,0)(1496,1111044)(0,0)(0,4668)(0,180)(0,18672)(0,0)(0,15800)(0,0)(0,0)(0,0)(0,480)(0,0)(0,0)(0,0)(0,0)(0,0)(0,0)(0,0)(0,0)(0,0)(0,0)(0,0)(0,0)(0,0)(0,0)(0,0)(0,0)(0,0)(0,0)(0,0)(0,0)(0,0)(0,0)(0,0)(0,0)(0,0)(0,0)(0,0)(0,0)(0,0)(0,0)(0,0)(0,0)(0,0)(0,0)(0,0)(0,0)(0,0)(0,0)(0,0)(0,0)(0,0)(0,0)(0,0)
1063716269 144 Drop: queue:10,3: Headroom full
(0,387156)(0,306016)(0,333600)(0,1304912)(0,0)(0,1800)(0,0)(0,62420)(0,0)(1556,1114096)(0,0)(0,4668)(0,1736)(0,21784)(0,1556)(0,15800)(0,0)(0,0)(0,0)(0,540)(0,0)(0,0)(0,0)(0,0)(0,0)(0,0)(0,0)(0,0)(0,0)(0,0)(0,0)(0,0)(0,0)(0,0)(0,0)(0,0)(0,0)(0,0)(0,0)(0,0)(0,0)(0,0)(0,0)(0,0)(0,0)(0,0)(0,0)(0,0)(0,0)(0,0)(0,0)(0,0)(0,0)(0,0)(0,0)(0,0)(0,0)(0,0)(0,0)(0,0)(0,0)(0,0)(0,0)
1063720107 144 Drop: queue:10,3: Headroom full
(0,377700)(0,301348)(0,322648)(0,1300544)(0,0)(0,1740)(0,0)(0,65592)(0,1556)(1556,1117208)(0,60)(0,6224)(0,180)(0,21784)(0,0)(0,15860)(0,0)(0,0)(0,0)(0,540)(0,0)(0,0)(0,0)(0,0)(0,0)(0,0)(0,0)(0,0)(0,0)(0,0)(0,0)(0,0)(0,0)(0,0)(0,0)(0,0)(0,0)(0,0)(0,0)(0,0)(0,0)(0,0)(0,0)(0,0)(0,0)(0,0)(0,0)(0,0)(0,0)(0,0)(0,0)(0,0)(0,0)(0,0)(0,0)(0,0)(0,0)(0,0)(0,0)(0,0)(0,0)(0,0)(0,0)
1063724841 144 Drop: queue:10,3: Headroom full
(0,360224)(0,290396)(0,310080)(0,1296116)(0,60)(0,1740)(0,0)(0,67148)(0,1556)(1496,1121936)(0,0)(0,6224)(0,180)(0,21784)(0,0)(0,15800)(0,0)(0,0)(0,0)(0,540)(0,0)(0,0)(0,0)(0,0)(0,0)(0,0)(0,0)(0,0)(0,0)(0,0)(0,0)(0,0)(0,0)(0,0)(0,0)(0,0)(0,0)(0,0)(0,0)(0,0)(0,0)(0,0)(0,0)(0,0)(0,0)(0,0)(0,0)(0,0)(0,0)(0,0)(0,0)(0,0)(0,0)(0,0)(0,0)(0,0)(0,0)(0,0)(0,0)(0,0)(0,0)(0,0)(0,0)
1063734113 144 Drop: queue:10,3: Headroom full
(0,321084)(0,268192)(0,286260)(0,1289772)(0,60)(0,1500)(0,60)(0,73372)(0,0)(1556,1131212)(0,0)(0,6224)(0,180)(0,21784)(0,1556)(0,17356)(0,0)(0,60)(0,0)(0,480)(0,0)(0,0)(0,0)(0,0)(0,0)(0,0)(0,0)(0,0)(0,0)(0,0)(0,0)(0,0)(0,0)(0,0)(0,0)(0,0)(0,0)(0,0)(0,0)(0,0)(0,0)(0,0)(0,0)(0,0)(0,0)(0,0)(0,0)(0,0)(0,0)(0,0)(0,0)(0,0)(0,0)(0,0)(0,0)(0,0)(0,0)(0,0)(0,0)(0,0)(0,0)(0,0)(0,0)
1063738145 144 Drop: queue:10,3: Headroom full
(0,307080)(0,258616)(0,281352)(0,1284744)(0,60)(0,1440)(0,1556)(0,74928)(0,60)(1556,1135880)(0,0)(0,6284)(0,180)(0,24896)(0,0)(0,15920)(0,0)(0,0)(0,0)(0,540)(0,0)(0,0)(0,0)(0,0)(0,0)(0,0)(0,0)(0,0)(0,0)(0,0)(0,0)(0,0)(0,0)(0,0)(0,0)(0,0)(0,0)(0,0)(0,0)(0,0)(0,0)(0,0)(0,0)(0,0)(0,0)(0,0)(0,0)(0,0)(0,0)(0,0)(0,0)(0,0)(0,0)(0,0)(0,0)(0,0)(0,0)(0,0)(0,0)(0,0)(0,0)(0,0)(0,0)
1063747197 144 Drop: queue:10,3: Headroom full
(0,286312)(0,236352)(0,252384)(0,1262420)(0,0)(0,1080)(0,0)(0,79596)(0,1616)(1496,1145276)(0,0)(0,6224)(0,180)(0,21784)(0,0)(0,14304)(0,0)(0,1556)(0,0)(0,540)(0,0)(0,0)(0,0)(0,0)(0,0)(0,0)(0,0)(0,0)(0,0)(0,0)(0,0)(0,0)(0,0)(0,0)(0,0)(0,0)(0,0)(0,0)(0,0)(0,0)(0,0)(0,0)(0,0)(0,0)(0,0)(0,0)(0,0)(0,0)(0,0)(0,0)(0,0)(0,0)(0,0)(0,0)(0,0)(0,0)(0,0)(0,0)(0,0)(0,0)(0,0)(0,0)(0,0)
1063781157 144 Drop: queue:10,3: Headroom full
(0,221016)(0,140052)(0,162072)(0,1195740)(0,0)(0,60)(0,0)(0,50032)(0,60)(1556,1185672)(0,0)(0,6224)(0,3292)(0,12448)(0,0)(0,8020)(0,180)(0,0)(0,0)(0,660)(0,0)(0,0)(0,0)(0,0)(0,0)(0,0)(0,0)(0,0)(0,0)(0,0)(0,0)(0,0)(0,0)(0,0)(0,0)(0,0)(0,0)(0,0)(0,0)(0,0)(0,0)(0,0)(0,0)(0,0)(0,0)(0,0)(0,0)(0,0)(0,0)(0,0)(0,0)(0,0)(0,0)(0,0)(0,0)(0,0)(0,0)(0,0)(0,0)(0,0)(0,0)(0,0)(0,0)
1063794404 144 Drop: queue:10,3: Headroom full
(0,197796)(0,132212)(0,124788)(0,1155100)(0,1556)(0,0)(0,60)(0,34472)(0,0)(1496,1199736)(0,0)(0,6284)(0,3292)(0,9336)(0,0)(0,4848)(0,120)(0,0)(0,60)(0,600)(0,0)(0,0)(0,0)(0,0)(0,0)(0,0)(0,0)(0,0)(0,0)(0,0)(0,0)(0,0)(0,0)(0,0)(0,0)(0,0)(0,0)(0,0)(0,0)(0,0)(0,0)(0,0)(0,0)(0,0)(0,0)(0,0)(0,0)(0,0)(0,0)(0,0)(0,0)(0,0)(0,0)(0,0)(0,0)(0,0)(0,0)(0,0)(0,0)(0,0)(0,0)(0,0)(0,0)
1063826906 144 Drop: queue:10,3: Headroom full
(0,134000)(0,119824)(0,65004)(0,1081664)(0,1556)(0,0)(0,0)(0,180)(0,0)(1496,1227744)(0,0)(0,4668)(0,4848)(0,0)(0,0)(0,240)(0,60)(0,0)(0,0)(0,600)(0,0)(0,0)(0,0)(0,0)(0,0)(0,0)(0,0)(0,0)(0,0)(0,0)(0,0)(0,0)(0,0)(0,0)(0,0)(0,0)(0,0)(0,0)(0,0)(0,0)(0,0)(0,0)(0,0)(0,0)(0,0)(0,0)(0,0)(0,0)(0,0)(0,0)(0,0)(0,0)(0,0)(0,0)(0,0)(0,0)(0,0)(0,0)(0,0)(0,0)(0,0)(0,0)(0,0)
1063833579 144 Drop: queue:10,3: Headroom full
(0,138608)(0,122816)(0,73084)(0,1077236)(0,0)(0,0)(0,0)(0,1736)(0,0)(1496,1226188)(0,0)(0,4668)(0,8020)(0,60)(0,0)(0,1856)(0,0)(0,1556)(0,0)(0,660)(0,0)(0,0)(0,0)(0,0)(0,0)(0,0)(0,0)(0,0)(0,0)(0,0)(0,0)(0,0)(0,0)(0,0)(0,0)(0,0)(0,0)(0,0)(0,0)(0,0)(0,0)(0,0)(0,0)(0,0)(0,0)(0,0)(0,0)(0,0)(0,0)(0,0)(0,0)(0,0)(0,0)(0,0)(0,0)(0,0)(0,0)(0,0)(0,0)(0,0)(0,0)(0,0)(0,0)
1063838975 144 Drop: queue:10,3: Headroom full
(0,141900)(0,122816)(0,74760)(0,1074124)(0,0)(0,0)(0,0)(0,180)(0,1556)(1496,1226188)(0,0)(0,4668)(0,6464)(0,0)(0,0)(0,240)(0,0)(0,0)(0,0)(0,600)(0,0)(0,0)(0,0)(0,0)(0,0)(0,0)(0,0)(0,0)(0,0)(0,0)(0,0)(0,0)(0,0)(0,0)(0,0)(0,0)(0,0)(0,0)(0,0)(0,0)(0,0)(0,0)(0,0)(0,0)(0,0)(0,0)(0,0)(0,0)(0,0)(0,0)(0,0)(0,0)(0,0)(0,0)(0,0)(0,0)(0,0)(0,0)(0,0)(0,0)(0,0)(0,0)(0,0)
1063843281 144 Drop: queue:10,3: Headroom full
(0,146328)(0,124372)(0,77992)(0,1077296)(0,0)(0,0)(0,0)(0,180)(0,0)(1496,1224632)(0,0)(0,6224)(0,8020)(0,0)(0,0)(0,240)(0,0)(0,0)(0,0)(0,600)(0,0)(0,0)(0,0)(0,0)(0,0)(0,0)(0,0)(0,0)(0,0)(0,0)(0,0)(0,0)(0,0)(0,0)(0,0)(0,0)(0,0)(0,0)(0,0)(0,0)(0,0)(0,0)(0,0)(0,0)(0,0)(0,0)(0,0)(0,0)(0,0)(0,0)(0,0)(0,0)(0,0)(0,0)(0,0)(0,0)(0,0)(0,0)(0,0)(0,0)(0,0)(0,0)(0,0)
1063856047 144 Drop: queue:10,3: Headroom full
(0,160572)(0,130776)(0,87448)(0,1071252)(0,0)(0,60)(0,0)(0,240)(0,0)(1496,1221520)(0,0)(0,6224)(0,8020)(0,60)(0,1556)(0,360)(0,60)(0,0)(0,0)(0,600)(0,0)(0,0)(0,0)(0,0)(0,0)(0,0)(0,0)(0,0)(0,0)(0,0)(0,0)(0,0)(0,0)(0,0)(0,0)(0,0)(0,0)(0,0)(0,0)(0,0)(0,0)(0,0)(0,0)(0,0)(0,0)(0,0)(0,0)(0,0)(0,0)(0,0)(0,0)(0,0)(0,0)(0,0)(0,0)(0,0)(0,0)(0,0)(0,0)(0,0)(0,0)(0,0)(0,0)
1063860416 144 Drop: queue:10,3: Headroom full
(0,159136)(0,135204)(0,89124)(0,1069996)(0,0)(0,0)(0,0)(0,240)(0,0)(1496,1221520)(0,0)(0,6224)(0,9576)(0,0)(0,0)(0,300)(0,60)(0,0)(0,0)(0,600)(0,0)(0,0)(0,0)(0,0)(0,0)(0,0)(0,0)(0,0)(0,0)(0,0)(0,0)(0,0)(0,0)(0,0)(0,0)(0,0)(0,0)(0,0)(0,0)(0,0)(0,0)(0,0)(0,0)(0,0)(0,0)(0,0)(0,0)(0,0)(0,0)(0,0)(0,0)(0,0)(0,0)(0,0)(0,0)(0,0)(0,0)(0,0)(0,0)(0,0)(0,0)(0,0)(0,0)
1063863811 144 Drop: queue:10,3: Headroom full
(0,160692)(0,141428)(0,92356)(0,1066884)(0,120)(0,0)(0,0)(0,240)(0,60)(1556,1219904)(0,0)(0,6224)(0,9576)(0,0)(0,0)(0,300)(0,120)(0,0)(0,0)(0,2156)(0,0)(0,0)(0,0)(0,0)(0,0)(0,0)(0,0)(0,0)(0,0)(0,0)(0,0)(0,0)(0,0)(0,0)(0,0)(0,0)(0,0)(0,0)(0,0)(0,0)(0,0)(0,0)(0,0)(0,0)(0,0)(0,0)(0,0)(0,0)(0,0)(0,0)(0,0)(0,0)(0,0)(0,0)(0,0)(0,0)(0,0)(0,0)(0,0)(0,0)(0,0)(0,0)(0,0)
1063884070 144 Drop: queue:10,3: Headroom full
(0,169968)(0,166384)(0,107380)(0,1068740)(0,60)(0,60)(0,0)(0,1796)(0,0)(1496,1213740)(0,0)(0,6224)(0,12688)(0,0)(0,1556)(0,300)(0,60)(0,60)(0,0)(0,600)(0,0)(0,0)(0,0)(0,0)(0,0)(0,0)(0,0)(0,0)(0,0)(0,0)(0,0)(0,0)(0,0)(0,0)(0,0)(0,0)(0,0)(0,0)(0,0)(0,0)(0,0)(0,0)(0,0)(0,0)(0,0)(0,0)(0,0)(0,0)(0,0)(0,0)(0,0)(0,0)(0,0)(0,0)(0,0)(0,0)(0,0)(0,0)(0,0)(0,0)(0,0)(0,0)(0,0)
1063889557 144 Drop: queue:10,3: Headroom full
(0,177748)(0,169676)(0,115640)(0,1067244)(0,60)(0,1556)(0,0)(0,1796)(0,1556)(1556,1212124)(0,1556)(0,6284)(0,12748)(0,60)(0,0)(0,300)(0,0)(0,0)(0,1616)(0,2156)(0,0)(0,0)(0,0)(0,0)(0,0)(0,0)(0,0)(0,0)(0,0)(0,0)(0,0)(0,0)(0,0)(0,0)(0,0)(0,0)(0,0)(0,0)(0,0)(0,0)(0,0)(0,0)(0,0)(0,0)(0,0)(0,0)(0,0)(0,0)(0,0)(0,0)(0,0)(0,0)(0,0)(0,0)(0,0)(0,0)(0,0)(0,0)(0,0)(0,0)(0,0)(0,0)(0,0)
1063903534 144 Drop: queue:10,3: Headroom full
(0,190256)(0,162676)(0,134192)(0,1060184)(0,60)(0,1616)(0,60)(0,1796)(0,0)(1556,1210568)(0,1556)(0,6224)(0,11132)(0,0)(0,0)(0,300)(0,0)(0,0)(0,0)(0,2096)(0,0)(0,0)(0,0)(0,0)(0,0)(0,0)(0,0)(0,0)(0,0)(0,0)(0,0)(0,0)(0,0)(0,0)(0,0)(0,0)(0,0)(0,0)(0,0)(0,0)(0,0)(0,0)(0,0)(0,0)(0,0)(0,0)(0,0)(0,0)(0,0)(0,0)(0,0)(0,0)(0,0)(0,0)(0,0)(0,0)(0,0)(0,0)(0,0)(0,0)(0,0)(0,0)(0,0)
1063913528 144 Drop: queue:10,3: Headroom full
(0,204020)(0,166088)(0,146460)(0,1051268)(0,0)(0,1556)(0,1556)(0,1796)(0,0)(1496,1207576)(0,3112)(0,6284)(0,12688)(0,0)(0,0)(0,300)(0,0)(0,0)(0,60)(0,600)(0,0)(0,0)(0,0)(0,0)(0,0)(0,0)(0,0)(0,0)(0,0)(0,0)(0,0)(0,0)(0,0)(0,0)(0,0)(0,0)(0,0)(0,0)(0,0)(0,0)(0,0)(0,0)(0,0)(0,0)(0,0)(0,0)(0,0)(0,0)(0,0)(0,0)(0,0)(0,0)(0,0)(0,0)(0,0)(0,0)(0,0)(0,0)(0,0)(0,0)(0,0)(0,0)(0,0)
1063916771 144 Drop: queue:10,3: Headroom full
(0,204260)(0,164052)(0,151428)(0,1050012)(0,1556)(0,60)(0,60)(0,1796)(0,0)(1496,1207516)(0,1556)(0,6224)(0,11132)(0,0)(0,0)(0,300)(0,0)(0,0)(0,60)(0,540)(0,0)(0,0)(0,0)(0,0)(0,0)(0,0)(0,0)(0,0)(0,0)(0,0)(0,0)(0,0)(0,0)(0,0)(0,0)(0,0)(0,0)(0,0)(0,0)(0,0)(0,0)(0,0)(0,0)(0,0)(0,0)(0,0)(0,0)(0,0)(0,0)(0,0)(0,0)(0,0)(0,0)(0,0)(0,0)(0,0)(0,0)(0,0)(0,0)(0,0)(0,0)(0,0)(0,0)
1063921166 144 Drop: queue:10,3: Headroom full
(0,207552)(0,165788)(0,153044)(0,1045404)(0,1616)(0,1556)(0,0)(0,240)(0,0)(1556,1207456)(0,0)(0,6224)(0,12688)(0,0)(0,0)(0,240)(0,0)(0,0)(0,60)(0,480)(0,0)(0,0)(0,0)(0,0)(0,0)(0,0)(0,0)(0,0)(0,0)(0,0)(0,0)(0,0)(0,0)(0,0)(0,0)(0,0)(0,0)(0,0)(0,0)(0,0)(0,0)(0,0)(0,0)(0,0)(0,0)(0,0)(0,0)(0,0)(0,0)(0,0)(0,0)(0,0)(0,0)(0,0)(0,0)(0,0)(0,0)(0,0)(0,0)(0,0)(0,0)(0,0)(0,0)
1063925372 144 Drop: queue:10,3: Headroom full
(0,219940)(0,168840)(0,157772)(0,1039480)(0,1556)(0,0)(0,0)(0,240)(0,0)(1496,1205960)(0,0)(0,6224)(0,11132)(0,0)(0,1556)(0,300)(0,0)(0,0)(0,60)(0,540)(0,0)(0,0)(0,0)(0,0)(0,0)(0,0)(0,0)(0,0)(0,0)(0,0)(0,0)(0,0)(0,0)(0,0)(0,0)(0,0)(0,0)(0,0)(0,0)(0,0)(0,0)(0,0)(0,0)(0,0)(0,0)(0,0)(0,0)(0,0)(0,0)(0,0)(0,0)(0,0)(0,0)(0,0)(0,0)(0,0)(0,0)(0,0)(0,0)(0,0)(0,0)(0,0)(0,0)
1063928973 144 Drop: queue:10,3: Headroom full
(0,221496)(0,165848)(0,159448)(0,1036608)(0,1616)(0,0)(0,0)(0,240)(0,60)(1496,1205960)(0,0)(0,6224)(0,11132)(0,0)(0,0)(0,240)(0,0)(0,60)(0,120)(0,540)(0,0)(0,0)(0,0)(0,0)(0,0)(0,0)(0,0)(0,0)(0,0)(0,0)(0,0)(0,0)(0,0)(0,0)(0,0)(0,0)(0,0)(0,0)(0,0)(0,0)(0,0)(0,0)(0,0)(0,0)(0,0)(0,0)(0,0)(0,0)(0,0)(0,0)(0,0)(0,0)(0,0)(0,0)(0,0)(0,0)(0,0)(0,0)(0,0)(0,0)(0,0)(0,0)(0,0)
1063932974 144 Drop: queue:10,3: Headroom full
(0,223292)(0,173628)(0,162440)(0,1032240)(0,1556)(0,0)(0,0)(0,240)(0,0)(1496,1205960)(0,0)(0,7840)(0,12688)(0,60)(0,0)(0,240)(0,3112)(0,0)(0,60)(0,540)(0,0)(0,0)(0,0)(0,0)(0,0)(0,0)(0,0)(0,0)(0,0)(0,0)(0,0)(0,0)(0,0)(0,0)(0,0)(0,0)(0,0)(0,0)(0,0)(0,0)(0,0)(0,0)(0,0)(0,0)(0,0)(0,0)(0,0)(0,0)(0,0)(0,0)(0,0)(0,0)(0,0)(0,0)(0,0)(0,0)(0,0)(0,0)(0,0)(0,0)(0,0)(0,0)(0,0)
1063941858 144 Drop: queue:10,3: Headroom full
(0,240288)(0,175484)(0,172016)(0,1018596)(0,1556)(0,0)(0,0)(0,240)(0,0)(1556,1204344)(0,0)(0,6284)(0,9576)(0,0)(0,0)(0,240)(0,3112)(0,0)(0,1616)(0,540)(0,0)(0,0)(0,0)(0,0)(0,0)(0,0)(0,0)(0,0)(0,0)(0,0)(0,0)(0,0)(0,0)(0,0)(0,0)(0,0)(0,0)(0,0)(0,0)(0,0)(0,0)(0,0)(0,0)(0,0)(0,0)(0,0)(0,0)(0,0)(0,0)(0,0)(0,0)(0,0)(0,0)(0,0)(0,0)(0,0)(0,0)(0,0)(0,0)(0,0)(0,0)(0,0)(0,0)
1063946927 144 Drop: queue:10,3: Headroom full
(0,240348)(0,180032)(0,179796)(0,1011176)(0,1556)(0,0)(0,0)(0,1796)(0,0)(1556,1204344)(0,1556)(0,6224)(0,9576)(0,1556)(0,0)(0,1916)(0,6224)(0,0)(0,120)(0,540)(0,0)(0,0)(0,0)(0,0)(0,0)(0,0)(0,0)(0,0)(0,0)(0,0)(0,0)(0,0)(0,0)(0,0)(0,0)(0,0)(0,0)(0,0)(0,0)(0,0)(0,0)(0,0)(0,0)(0,0)(0,0)(0,0)(0,0)(0,0)(0,0)(0,0)(0,0)(0,0)(0,0)(0,0)(0,0)(0,0)(0,0)(0,0)(0,0)(0,0)(0,0)(0,0)(0,0)
1063956423 144 Drop: queue:10,3: Headroom full
(0,244956)(0,186496)(0,186740)(0,1002860)(0,1556)(0,1556)(0,0)(0,1796)(0,0)(1496,1201292)(0,0)(0,6224)(0,11132)(0,1556)(0,0)(0,240)(0,9336)(0,0)(0,120)(0,540)(0,0)(0,0)(0,0)(0,0)(0,0)(0,0)(0,0)(0,0)(0,0)(0,0)(0,0)(0,0)(0,0)(0,0)(0,0)(0,0)(0,0)(0,0)(0,0)(0,0)(0,0)(0,0)(0,0)(0,0)(0,0)(0,0)(0,0)(0,0)(0,0)(0,0)(0,0)(0,0)(0,0)(0,0)(0,0)(0,0)(0,0)(0,0)(0,0)(0,0)(0,0)(0,0)(0,0)
1063960160 144 Drop: queue:10,3: Headroom full
(0,248068)(0,184940)(0,197572)(0,995800)(0,1616)(0,0)(0,0)(0,240)(0,0)(1556,1201232)(0,0)(0,6224)(0,12688)(0,0)(0,0)(0,300)(0,9336)(0,0)(0,60)(0,540)(0,0)(0,0)(0,0)(0,0)(0,0)(0,0)(0,0)(0,0)(0,0)(0,0)(0,0)(0,0)(0,0)(0,0)(0,0)(0,0)(0,0)(0,0)(0,0)(0,0)(0,0)(0,0)(0,0)(0,0)(0,0)(0,0)(0,0)(0,0)(0,0)(0,0)(0,0)(0,0)(0,0)(0,0)(0,0)(0,0)(0,0)(0,0)(0,0)(0,0)(0,0)(0,0)(0,0)
1063965585 144 Drop: queue:10,3: Headroom full
(0,245316)(0,195892)(0,202180)(0,985388)(0,120)(0,0)(0,0)(0,240)(0,0)(1496,1201292)(0,0)(0,6224)(0,11192)(0,0)(0,0)(0,180)(0,10892)(0,0)(0,120)(0,600)(0,0)(0,0)(0,0)(0,0)(0,0)(0,0)(0,0)(0,0)(0,0)(0,0)(0,0)(0,0)(0,0)(0,0)(0,0)(0,0)(0,0)(0,0)(0,0)(0,0)(0,0)(0,0)(0,0)(0,0)(0,0)(0,0)(0,0)(0,0)(0,0)(0,0)(0,0)(0,0)(0,0)(0,0)(0,0)(0,0)(0,0)(0,0)(0,0)(0,0)(0,0)(0,0)(0,0)
1063974698 144 Drop: queue:10,3: Headroom full
(0,246812)(0,198944)(0,198828)(0,981440)(0,0)(0,0)(0,0)(0,300)(0,0)(1556,1201232)(0,0)(0,7780)(0,11192)(0,0)(0,0)(0,180)(0,14004)(0,0)(0,180)(0,540)(0,0)(0,0)(0,0)(0,0)(0,0)(0,0)(0,0)(0,0)(0,0)(0,0)(0,0)(0,0)(0,0)(0,0)(0,0)(0,0)(0,0)(0,0)(0,0)(0,0)(0,0)(0,0)(0,0)(0,0)(0,0)(0,0)(0,0)(0,0)(0,0)(0,0)(0,0)(0,0)(0,0)(0,0)(0,0)(0,0)(0,0)(0,0)(0,0)(0,0)(0,0)(0,0)(0,0)
1063978108 144 Drop: queue:10,3: Headroom full
(0,241904)(0,206424)(0,198348)(0,972344)(0,60)(0,1556)(0,0)(0,300)(0,0)(1496,1201292)(0,0)(0,7780)(0,12688)(0,0)(0,0)(0,120)(0,14064)(0,0)(0,120)(0,480)(0,0)(0,0)(0,0)(0,0)(0,0)(0,0)(0,0)(0,0)(0,0)(0,0)(0,0)(0,0)(0,0)(0,0)(0,0)(0,0)(0,0)(0,0)(0,0)(0,0)(0,0)(0,0)(0,0)(0,0)(0,0)(0,0)(0,0)(0,0)(0,0)(0,0)(0,0)(0,0)(0,0)(0,0)(0,0)(0,0)(0,0)(0,0)(0,0)(0,0)(0,0)(0,0)(0,0)
1064001876 144 Drop: queue:10,3: Headroom full
(0,226464)(0,219596)(0,201220)(0,949008)(0,1616)(0,0)(0,0)(0,300)(0,1556)(1496,1204404)(0,120)(0,7780)(0,11132)(0,1556)(0,1556)(0,0)(0,60)(0,0)(0,240)(0,480)(0,0)(0,0)(0,0)(0,0)(0,0)(0,0)(0,0)(0,0)(0,0)(0,0)(0,0)(0,0)(0,0)(0,0)(0,0)(0,0)(0,0)(0,0)(0,0)(0,0)(0,0)(0,0)(0,0)(0,0)(0,0)(0,0)(0,0)(0,0)(0,0)(0,0)(0,0)(0,0)(0,0)(0,0)(0,0)(0,0)(0,0)(0,0)(0,0)(0,0)(0,0)(0,0)(0,0)
1064033997 144 Drop: queue:10,3: Headroom full
(0,172364)(0,219248)(0,211632)(0,897648)(0,60)(0,3172)(0,60)(0,4968)(0,60)(1556,1215296)(0,6224)(0,7780)(0,15800)(0,1556)(0,0)(0,180)(0,4728)(0,0)(0,420)(0,240)(0,0)(0,0)(0,0)(0,0)(0,0)(0,0)(0,0)(0,0)(0,0)(0,0)(0,0)(0,0)(0,0)(0,0)(0,0)(0,0)(0,0)(0,0)(0,0)(0,0)(0,0)(0,0)(0,0)(0,0)(0,0)(0,0)(0,0)(0,0)(0,0)(0,0)(0,0)(0,0)(0,0)(0,0)(0,0)(0,0)(0,0)(0,0)(0,0)(0,0)(0,0)(0,0)(0,0)
1064043610 144 Drop: queue:10,3: Headroom full
(0,142920)(0,226672)(0,212588)(0,865328)(0,1676)(0,3232)(0,120)(0,8020)(0,1556)(1496,1218528)(0,10892)(0,6284)(0,18912)(0,1556)(0,1616)(0,180)(0,10892)(0,1556)(0,600)(0,240)(0,0)(0,0)(0,0)(0,0)(0,0)(0,0)(0,0)(0,0)(0,0)(0,0)(0,0)(0,0)(0,0)(0,0)(0,0)(0,0)(0,0)(0,0)(0,0)(0,0)(0,0)(0,0)(0,0)(0,0)(0,0)(0,0)(0,0)(0,0)(0,0)(0,0)(0,0)(0,0)(0,0)(0,0)(0,0)(0,0)(0,0)(0,0)(0,0)(0,0)(0,0)(0,0)(0,0)
1064054193 144 Drop: queue:10,3: Headroom full
(0,113476)(0,228408)(0,211748)(0,835284)(0,1616)(0,4788)(0,120)(0,11132)(0,3172)(1556,1224752)(0,15560)(0,6344)(0,20468)(0,4788)(0,4668)(0,1676)(0,14004)(0,3172)(0,960)(0,420)(0,0)(0,0)(0,0)(0,0)(0,0)(0,0)(0,0)(0,0)(0,0)(0,0)(0,0)(0,0)(0,0)(0,0)(0,0)(0,0)(0,0)(0,0)(0,0)(0,0)(0,0)(0,0)(0,0)(0,0)(0,0)(0,0)(0,0)(0,0)(0,0)(0,0)(0,0)(0,0)(0,0)(0,0)(0,0)(0,0)(0,0)(0,0)(0,0)(0,0)(0,0)(0,0)(0,0)
1064054515 144 Drop: queue:10,3: Headroom full
(0,108748)(0,231400)(0,210372)(0,833788)(0,1616)(0,6344)(0,180)(0,11132)(0,3172)(1616,1224752)(0,15560)(0,6344)(0,18912)(0,6344)(0,4668)(0,1736)(0,14004)(0,3232)(0,840)(0,420)(0,0)(0,0)(0,0)(0,0)(0,0)(0,0)(0,0)(0,0)(0,0)(0,0)(0,0)(0,0)(0,0)(0,0)(0,0)(0,0)(0,0)(0,0)(0,0)(0,0)(0,0)(0,0)(0,0)(0,0)(0,0)(0,0)(0,0)(0,0)(0,0)(0,0)(0,0)(0,0)(0,0)(0,0)(0,0)(0,0)(0,0)(0,0)(0,0)(0,0)(0,0)(0,0)(0,0)
1064059500 144 Drop: queue:10,3: Headroom full
(0,90076)(0,232896)(0,205344)(0,820980)(0,1616)(0,4848)(0,180)(0,11132)(0,3172)(1556,1227924)(0,18672)(0,6344)(0,20468)(0,7900)(0,4668)(0,1736)(0,17116)(0,3172)(0,840)(0,360)(0,0)(0,0)(0,0)(0,0)(0,0)(0,0)(0,0)(0,0)(0,0)(0,0)(0,0)(0,0)(0,0)(0,0)(0,0)(0,0)(0,0)(0,0)(0,0)(0,0)(0,0)(0,0)(0,0)(0,0)(0,0)(0,0)(0,0)(0,0)(0,0)(0,0)(0,0)(0,0)(0,0)(0,0)(0,0)(0,0)(0,0)(0,0)(0,0)(0,0)(0,0)(0,0)(0,0)
1064066084 144 Drop: queue:10,3: Headroom full
(0,75952)(0,228348)(0,200376)(0,797160)(0,60)(0,6344)(0,1856)(0,14244)(0,6404)(1496,1231036)(0,17116)(0,6344)(0,19032)(0,7840)(0,4668)(0,1796)(0,20228)(0,4788)(0,960)(0,420)(0,0)(0,0)(0,0)(0,0)(0,0)(0,0)(0,0)(0,0)(0,0)(0,0)(0,0)(0,0)(0,0)(0,0)(0,0)(0,0)(0,0)(0,0)(0,0)(0,0)(0,0)(0,0)(0,0)(0,0)(0,0)(0,0)(0,0)(0,0)(0,0)(0,0)(0,0)(0,0)(0,0)(0,0)(0,0)(0,0)(0,0)(0,0)(0,0)(0,0)(0,0)(0,0)(0,0)
1064074457 144 Drop: queue:10,3: Headroom full
(0,59076)(0,219132)(0,185952)(0,765800)(0,180)(0,9516)(0,300)(0,17356)(0,6344)(1556,1237320)(0,24896)(0,6344)(0,22144)(0,7840)(0,6284)(0,1856)(0,24956)(0,6344)(0,1140)(0,540)(0,0)(0,0)(0,0)(0,0)(0,0)(0,0)(0,0)(0,0)(0,0)(0,0)(0,0)(0,0)(0,0)(0,0)(0,0)(0,0)(0,0)(0,0)(0,0)(0,0)(0,0)(0,0)(0,0)(0,0)(0,0)(0,0)(0,0)(0,0)(0,0)(0,0)(0,0)(0,0)(0,0)(0,0)(0,0)(0,0)(0,0)(0,0)(0,0)(0,0)(0,0)(0,0)(0,0)
1064088785 144 Drop: queue:10,3: Headroom full
(0,37892)(0,208360)(0,157164)(0,741800)(0,360)(0,9576)(0,420)(0,23580)(0,7900)(1496,1242108)(0,34352)(0,6404)(0,25196)(0,12628)(0,9396)(0,1676)(0,34292)(0,6404)(0,1440)(0,600)(0,0)(0,0)(0,0)(0,0)(0,0)(0,0)(0,0)(0,0)(0,0)(0,0)(0,0)(0,0)(0,0)(0,0)(0,0)(0,0)(0,0)(0,0)(0,0)(0,0)(0,0)(0,0)(0,0)(0,0)(0,0)(0,0)(0,0)(0,0)(0,0)(0,0)(0,0)(0,0)(0,0)(0,0)(0,0)(0,0)(0,0)(0,0)(0,0)(0,0)(0,0)(0,0)(0,0)
1064094383 144 Drop: queue:10,3: Headroom full
(0,36156)(0,200520)(0,156684)(0,732104)(0,480)(0,12748)(0,420)(0,25196)(0,7900)(1496,1242108)(0,37464)(0,8020)(0,28308)(0,15680)(0,9336)(0,1676)(0,35848)(0,6344)(0,1560)(0,540)(0,0)(0,0)(0,0)(0,0)(0,0)(0,0)(0,0)(0,0)(0,0)(0,0)(0,0)(0,0)(0,0)(0,0)(0,0)(0,0)(0,0)(0,0)(0,0)(0,0)(0,0)(0,0)(0,0)(0,0)(0,0)(0,0)(0,0)(0,0)(0,0)(0,0)(0,0)(0,0)(0,0)(0,0)(0,0)(0,0)(0,0)(0,0)(0,0)(0,0)(0,0)(0,0)(0,0)
1064100087 144 Drop: queue:10,3: Headroom full
(0,34660)(0,192800)(0,151656)(0,719596)(0,480)(0,11192)(0,480)(0,28308)(0,11132)(2992,1243844)(0,40636)(0,7960)(0,29924)(0,20348)(0,12448)(0,1676)(0,38900)(0,6404)(0,1680)(0,540)(0,0)(0,0)(0,0)(0,0)(0,0)(0,0)(0,0)(0,0)(0,0)(0,0)(0,0)(0,0)(0,0)(0,0)(0,0)(0,0)(0,0)(0,0)(0,0)(0,0)(0,0)(0,0)(0,0)(0,0)(0,0)(0,0)(0,0)(0,0)(0,0)(0,0)(0,0)(0,0)(0,0)(0,0)(0,0)(0,0)(0,0)(0,0)(0,0)(0,0)(0,0)(0,0)(0,0)
1064125584 144 Drop: queue:10,3: Headroom full
(0,29396)(0,167724)(0,117484)(0,671240)(0,2216)(0,12808)(0,480)(0,34532)(0,6524)(1556,1254736)(0,49972)(0,7960)(0,34472)(0,18852)(0,15560)(0,3292)(0,24896)(0,1736)(0,3896)(0,540)(0,0)(0,0)(0,0)(0,0)(0,0)(0,0)(0,0)(0,0)(0,0)(0,0)(0,0)(0,0)(0,0)(0,0)(0,0)(0,0)(0,0)(0,0)(0,0)(0,0)(0,0)(0,0)(0,0)(0,0)(0,0)(0,0)(0,0)(0,0)(0,0)(0,0)(0,0)(0,0)(0,0)(0,0)(0,0)(0,0)(0,0)(0,0)(0,0)(0,0)(0,0)(0,0)(0,0)
1064140083 144 Drop: queue:10,3: Headroom full
(0,31492)(0,160716)(0,88100)(0,641316)(0,720)(0,8140)(0,480)(0,31360)(0,8020)(1496,1265688)(0,42192)(0,6404)(0,28308)(0,12508)(0,15620)(0,1736)(0,23340)(0,1736)(0,2520)(0,480)(0,0)(0,0)(0,0)(0,0)(0,0)(0,0)(0,0)(0,0)(0,0)(0,0)(0,0)(0,0)(0,0)(0,0)(0,0)(0,0)(0,0)(0,0)(0,0)(0,0)(0,0)(0,0)(0,0)(0,0)(0,0)(0,0)(0,0)(0,0)(0,0)(0,0)(0,0)(0,0)(0,0)(0,0)(0,0)(0,0)(0,0)(0,0)(0,0)(0,0)(0,0)(0,0)(0,0)
1064145674 144 Drop: queue:10,3: Headroom full
(0,31492)(0,154492)(0,72780)(0,636528)(0,540)(0,8080)(0,420)(0,26692)(0,8080)(1496,1270296)(0,40636)(0,6464)(0,25136)(0,15680)(0,15560)(0,1736)(0,20288)(0,120)(0,2520)(0,360)(0,0)(0,0)(0,0)(0,0)(0,0)(0,0)(0,0)(0,0)(0,0)(0,0)(0,0)(0,0)(0,0)(0,0)(0,0)(0,0)(0,0)(0,0)(0,0)(0,0)(0,0)(0,0)(0,0)(0,0)(0,0)(0,0)(0,0)(0,0)(0,0)(0,0)(0,0)(0,0)(0,0)(0,0)(0,0)(0,0)(0,0)(0,0)(0,0)(0,0)(0,0)(0,0)(0,0)
1064146307 144 Drop: queue:10,3: Headroom full
(0,29936)(0,157724)(0,71224)(0,636528)(0,540)(0,6464)(0,480)(0,28248)(0,8020)(1556,1270236)(0,40636)(0,6404)(0,23580)(0,15740)(0,12448)(0,1736)(0,20288)(0,180)(0,2460)(0,360)(0,0)(0,0)(0,0)(0,0)(0,0)(0,0)(0,0)(0,0)(0,0)(0,0)(0,0)(0,0)(0,0)(0,0)(0,0)(0,0)(0,0)(0,0)(0,0)(0,0)(0,0)(0,0)(0,0)(0,0)(0,0)(0,0)(0,0)(0,0)(0,0)(0,0)(0,0)(0,0)(0,0)(0,0)(0,0)(0,0)(0,0)(0,0)(0,0)(0,0)(0,0)(0,0)(0,0)
1064179290 144 Drop: queue:10,3: Headroom full
(0,33948)(0,127080)(0,37532)(0,618872)(0,180)(0,9576)(0,14064)(0,9576)(0,1616)(1556,1286932)(0,15680)(0,6584)(0,6464)(0,1556)(0,10952)(0,1616)(0,6224)(0,120)(0,1680)(0,60)(0,0)(0,0)(0,0)(0,0)(0,0)(0,0)(0,0)(0,0)(0,0)(0,0)(0,0)(0,0)(0,0)(0,0)(0,0)(0,0)(0,0)(0,0)(0,0)(0,0)(0,0)(0,0)(0,0)(0,0)(0,0)(0,0)(0,0)(0,0)(0,0)(0,0)(0,0)(0,0)(0,0)(0,0)(0,0)(0,0)(0,0)(0,0)(0,0)(0,0)(0,0)(0,0)(0,0)
1064198290 144 Drop: queue:10,3: Headroom full
(0,34604)(0,103320)(0,42144)(0,581588)(0,60)(0,12448)(0,24896)(0,180)(0,3112)(1496,1294652)(0,120)(0,5148)(0,240)(0,0)(0,9456)(0,0)(0,0)(0,180)(0,1080)(0,0)(0,0)(0,0)(0,0)(0,0)(0,0)(0,0)(0,0)(0,0)(0,0)(0,0)(0,0)(0,0)(0,0)(0,0)(0,0)(0,0)(0,0)(0,0)(0,0)(0,0)(0,0)(0,0)(0,0)(0,0)(0,0)(0,0)(0,0)(0,0)(0,0)(0,0)(0,0)(0,0)(0,0)(0,0)(0,0)(0,0)(0,0)(0,0)(0,0)(0,0)(0,0)(0,0)(0,0)
1064250832 144 Drop: queue:10,3: Headroom full
(0,77508)(0,110796)(0,14372)(0,520128)(0,0)(0,28008)(0,54460)(0,240)(0,4668)(1556,1293036)(0,0)(0,7364)(0,240)(0,0)(0,15680)(0,0)(0,1556)(0,180)(0,0)(0,0)(0,0)(0,0)(0,0)(0,0)(0,0)(0,0)(0,0)(0,0)(0,0)(0,0)(0,0)(0,0)(0,0)(0,0)(0,0)(0,0)(0,0)(0,0)(0,0)(0,0)(0,0)(0,0)(0,0)(0,0)(0,0)(0,0)(0,0)(0,0)(0,0)(0,0)(0,0)(0,0)(0,0)(0,0)(0,0)(0,0)(0,0)(0,0)(0,0)(0,0)(0,0)(0,0)(0,0)
1064262094 144 Drop: queue:10,3: Headroom full
(0,68592)(0,117140)(0,19044)(0,523480)(0,1556)(0,28008)(0,60684)(0,3352)(0,6224)(1496,1291540)(0,0)(0,9100)(0,300)(0,0)(0,15800)(0,0)(0,1556)(0,300)(0,60)(0,60)(0,0)(0,0)(0,0)(0,0)(0,0)(0,0)(0,0)(0,0)(0,0)(0,0)(0,0)(0,0)(0,0)(0,0)(0,0)(0,0)(0,0)(0,0)(0,0)(0,0)(0,0)(0,0)(0,0)(0,0)(0,0)(0,0)(0,0)(0,0)(0,0)(0,0)(0,0)(0,0)(0,0)(0,0)(0,0)(0,0)(0,0)(0,0)(0,0)(0,0)(0,0)(0,0)(0,0)
1064286855 144 Drop: queue:10,3: Headroom full
(0,37712)(0,126296)(0,23600)(0,514384)(0,1556)(0,34232)(0,73132)(0,1796)(0,1556)(1496,1291540)(0,1556)(0,7784)(0,240)(0,0)(0,23400)(0,60)(0,1556)(0,60)(0,0)(0,0)(0,0)(0,0)(0,0)(0,0)(0,0)(0,0)(0,0)(0,0)(0,0)(0,0)(0,0)(0,0)(0,0)(0,0)(0,0)(0,0)(0,0)(0,0)(0,0)(0,0)(0,0)(0,0)(0,0)(0,0)(0,0)(0,0)(0,0)(0,0)(0,0)(0,0)(0,0)(0,0)(0,0)(0,0)(0,0)(0,0)(0,0)(0,0)(0,0)(0,0)(0,0)(0,0)(0,0)
1064293946 144 Drop: queue:10,3: Headroom full
(0,34840)(0,123064)(0,24080)(0,508100)(0,60)(0,37344)(0,79356)(0,1736)(0,0)(1496,1291540)(0,0)(0,7964)(0,1856)(0,1556)(0,26452)(0,0)(0,0)(0,60)(0,0)(0,0)(0,0)(0,0)(0,0)(0,0)(0,0)(0,0)(0,0)(0,0)(0,0)(0,0)(0,0)(0,0)(0,0)(0,0)(0,0)(0,0)(0,0)(0,0)(0,0)(0,0)(0,0)(0,0)(0,0)(0,0)(0,0)(0,0)(0,0)(0,0)(0,0)(0,0)(0,0)(0,0)(0,0)(0,0)(0,0)(0,0)(0,0)(0,0)(0,0)(0,0)(0,0)(0,0)(0,0)
1064299738 144 Drop: queue:10,3: Headroom full
(0,36696)(0,118516)(0,27792)(0,512948)(0,60)(0,38900)(0,80972)(0,180)(0,0)(1556,1291480)(0,1556)(0,6408)(0,240)(0,0)(0,26452)(0,60)(0,0)(0,0)(0,0)(0,0)(0,0)(0,0)(0,0)(0,0)(0,0)(0,0)(0,0)(0,0)(0,0)(0,0)(0,0)(0,0)(0,0)(0,0)(0,0)(0,0)(0,0)(0,0)(0,0)(0,0)(0,0)(0,0)(0,0)(0,0)(0,0)(0,0)(0,0)(0,0)(0,0)(0,0)(0,0)(0,0)(0,0)(0,0)(0,0)(0,0)(0,0)(0,0)(0,0)(0,0)(0,0)(0,0)(0,0)
1064312788 144 Drop: queue:10,3: Headroom full
(0,36936)(0,107504)(0,39944)(0,516600)(0,0)(0,43568)(0,88752)(0,1736)(0,1616)(1496,1288428)(0,60)(0,6828)(0,1856)(0,0)(0,29624)(0,0)(0,0)(0,0)(0,0)(0,0)(0,0)(0,0)(0,0)(0,0)(0,0)(0,0)(0,0)(0,0)(0,0)(0,0)(0,0)(0,0)(0,0)(0,0)(0,0)(0,0)(0,0)(0,0)(0,0)(0,0)(0,0)(0,0)(0,0)(0,0)(0,0)(0,0)(0,0)(0,0)(0,0)(0,0)(0,0)(0,0)(0,0)(0,0)(0,0)(0,0)(0,0)(0,0)(0,0)(0,0)(0,0)(0,0)(0,0)
1064333356 144 Drop: queue:10,3: Headroom full
(0,39392)(0,96612)(0,60356)(0,499604)(0,3172)(0,56076)(0,84084)(0,3292)(0,0)(1496,1289984)(0,0)(0,8924)(0,3412)(0,1556)(0,12508)(0,0)(0,0)(0,1556)(0,60)(0,1616)(0,0)(0,0)(0,0)(0,0)(0,0)(0,0)(0,0)(0,0)(0,0)(0,0)(0,0)(0,0)(0,0)(0,0)(0,0)(0,0)(0,0)(0,0)(0,0)(0,0)(0,0)(0,0)(0,0)(0,0)(0,0)(0,0)(0,0)(0,0)(0,0)(0,0)(0,0)(0,0)(0,0)(0,0)(0,0)(0,0)(0,0)(0,0)(0,0)(0,0)(0,0)(0,0)(0,0)
1064340876 144 Drop: queue:10,3: Headroom full
(0,44600)(0,87396)(0,68976)(0,498048)(0,4668)(0,57692)(0,82468)(0,1736)(0,1556)(1496,1289984)(0,0)(0,10600)(0,5088)(0,3112)(0,3112)(0,0)(0,0)(0,0)(0,0)(0,60)(0,0)(0,0)(0,0)(0,0)(0,0)(0,0)(0,0)(0,0)(0,0)(0,0)(0,0)(0,0)(0,0)(0,0)(0,0)(0,0)(0,0)(0,0)(0,0)(0,0)(0,0)(0,0)(0,0)(0,0)(0,0)(0,0)(0,0)(0,0)(0,0)(0,0)(0,0)(0,0)(0,0)(0,0)(0,0)(0,0)(0,0)(0,0)(0,0)(0,0)(0,0)(0,0)(0,0)
1064379207 144 Drop: queue:10,3: Headroom full
(0,42328)(0,59568)(0,122192)(0,445744)(0,3112)(0,71636)(0,73132)(0,3352)(0,0)(1556,1293036)(0,1616)(0,8024)(0,3412)(0,9336)(0,60)(0,0)(0,0)(0,0)(0,0)(0,1736)(0,0)(0,0)(0,0)(0,0)(0,0)(0,0)(0,0)(0,0)(0,0)(0,0)(0,0)(0,0)(0,0)(0,0)(0,0)(0,0)(0,0)(0,0)(0,0)(0,0)(0,0)(0,0)(0,0)(0,0)(0,0)(0,0)(0,0)(0,0)(0,0)(0,0)(0,0)(0,0)(0,0)(0,0)(0,0)(0,0)(0,0)(0,0)(0,0)(0,0)(0,0)(0,0)(0,0)
1064430080 144 Drop: queue:10,3: Headroom full
(0,92412)(0,65484)(0,203908)(0,367768)(0,4668)(0,76244)(0,48236)(0,4848)(0,1556)(1556,1286812)(0,0)(0,6224)(0,6464)(0,20228)(0,60)(0,60)(0,0)(0,60)(0,0)(0,420)(0,0)(0,0)(0,0)(0,0)(0,0)(0,0)(0,0)(0,0)(0,0)(0,0)(0,0)(0,0)(0,0)(0,0)(0,0)(0,0)(0,0)(0,0)(0,0)(0,0)(0,0)(0,0)(0,0)(0,0)(0,0)(0,0)(0,0)(0,0)(0,0)(0,0)(0,0)(0,0)(0,0)(0,0)(0,0)(0,0)(0,0)(0,0)(0,0)(0,0)(0,0)(0,0)(0,0)
61560.3
