Waf: Entering directory `/home/wilson/hpcc/build'
Waf: Leaving directory `/home/wilson/hpcc/build'
'build' finished successfully (0.482s)
ENABLE_QCN			Yes
USE_DYNAMIC_PFC_THRESHOLD	Yes
PACKET_PAYLOAD_SIZE		1500
TOPOLOGY_FILE			experiments/topology.txt
FLOW_FILE			experiments/aditya/flow.txt
TRACE_FILE			experiments/trace.txt
TRACE_OUTPUT_FILE		experiments/trace.tr
FCT_OUTPUT_FILE		experiments/aditya/dctcp/fct.txt
PFC_OUTPUT_FILE				experiments/aditya/dctcp/pfc.txt
SIMULATOR_STOP_TIME		4
CC_MODE		8
ALPHA_RESUME_INTERVAL		1
RATE_DECREASE_INTERVAL		4
CLAMP_TARGET_RATE		No
RP_TIMER			300
EWMA_GAIN			0.0625
FAST_RECOVERY_TIMES		1
RATE_AI				10Mb/s
RATE_HAI			10Mb/s
MIN_RATE		100Mb/s
DCTCP_RATE_AI				615Mb/s
ERROR_RATE_PER_LINK		0
L2_CHUNK_SIZE			4000
L2_ACK_INTERVAL			1
L2_BACK_TO_ZERO			No
HAS_WIN		1
GLOBAL_T		1
VAR_WIN		1
FAST_REACT		0
U_TARGET		0.95
MI_THRESH		0
INT_MULTI				1
MULTI_RATE				0
SAMPLE_FEEDBACK				0
RATE_BOUND		1
ACK_HIGH_PRIO		0
LINK_DOWN				0 0 0
ENABLE_TRACE				1
KMAX_MAP				 40000000000 120 160000000000 480
KMIN_MAP				 40000000000 120 160000000000 480
PMAX_MAP				 40000000000 1 160000000000 1
BUFFER_SIZE				12
QLEN_MON_FILE				experiments/aditya/dctcp/qlen.txt
QLEN_MON_START				1000000000
QLEN_MON_END				1100000000
maxRtt=2350 maxBdp=11750
Running Simulation.
244158
