Waf: Entering directory `/home/wilson/hpcc/build'
Waf: Leaving directory `/home/wilson/hpcc/build'
'build' finished successfully (0.443s)
ENABLE_QCN			Yes
USE_DYNAMIC_PFC_THRESHOLD	Yes
PACKET_PAYLOAD_SIZE		1500
TOPOLOGY_FILE			experiments/topology.txt
FLOW_FILE			experiments/aditya/flow.txt
TRACE_FILE			experiments/trace.txt
TRACE_OUTPUT_FILE		experiments/trace.tr
FCT_OUTPUT_FILE		experiments/aditya/dcqcn/fct.txt
PFC_OUTPUT_FILE				experiments/aditya/dcqcn/pfc.txt
SIMULATOR_STOP_TIME		4
CC_MODE		1
ALPHA_RESUME_INTERVAL		1
RATE_DECREASE_INTERVAL		4
CLAMP_TARGET_RATE		No
RP_TIMER			300
EWMA_GAIN			0.00390625
FAST_RECOVERY_TIMES		1
RATE_AI				8Mb/s
RATE_HAI			80Mb/s
MIN_RATE		100Mb/s
DCTCP_RATE_AI				1000Mb/s
ERROR_RATE_PER_LINK		0
L2_CHUNK_SIZE			4000
L2_ACK_INTERVAL			1
L2_BACK_TO_ZERO			No
HAS_WIN		0
GLOBAL_T		1
VAR_WIN		0
FAST_REACT		0
U_TARGET		0.95
MI_THRESH		0
INT_MULTI				1
MULTI_RATE				0
SAMPLE_FEEDBACK				0
RATE_BOUND		1
ACK_HIGH_PRIO		1
LINK_DOWN				0 0 0
ENABLE_TRACE				1
KMAX_MAP				 40000000000 640 160000000000 2560
KMIN_MAP				 40000000000 160 160000000000 640
PMAX_MAP				 40000000000 0.2 160000000000 0.2
BUFFER_SIZE				12
QLEN_MON_FILE				experiments/aditya/dcqcn/qlen.txt
QLEN_MON_START				1000000000
QLEN_MON_END				1100000000
maxRtt=2350 maxBdp=11750
Running Simulation.
1488954895 146 Drop: queue:13,3: Headroom full
(0,993312)(0,274656)(0,1019676)(0,398412)(0,0)(0,0)(0,0)(0,0)(0,0)(0,10380)(0,1548)(0,0)(1488,1083660)(0,0)(0,0)(0,10380)(0,0)(0,0)(0,0)(0,0)(0,0)(0,0)(0,0)(0,0)(0,0)(0,0)(0,0)(0,0)(0,0)(0,0)(0,0)(0,0)(0,0)(0,0)(0,0)(0,0)(0,0)(0,0)(0,0)(0,0)(0,0)(0,0)(0,0)(0,0)(0,0)(0,0)(0,0)(0,0)(0,0)(0,0)(0,0)(0,0)(0,0)(0,0)(0,0)(0,0)(0,0)(0,0)(0,0)(0,0)(0,0)(0,0)(0,0)
1488973467 146 Drop: queue:13,3: Headroom full
(0,916428)(0,300804)(0,1007352)(0,349572)(0,0)(0,0)(0,0)(0,1548)(0,0)(0,10500)(0,1548)(0,0)(1488,1096044)(0,0)(0,0)(0,10440)(0,0)(0,0)(0,0)(0,0)(0,0)(0,0)(0,0)(0,0)(0,0)(0,0)(0,0)(0,0)(0,0)(0,0)(0,0)(0,0)(0,0)(0,0)(0,0)(0,0)(0,0)(0,0)(0,0)(0,0)(0,0)(0,0)(0,0)(0,0)(0,0)(0,0)(0,0)(0,0)(0,0)(0,0)(0,0)(0,0)(0,0)(0,0)(0,0)(0,0)(0,0)(0,0)(0,0)(0,0)(0,0)(0,0)(0,0)
1488991383 146 Drop: queue:13,3: Headroom full
(0,888384)(0,280572)(0,993600)(0,325584)(0,0)(0,0)(0,0)(0,0)(0,0)(0,10500)(0,1548)(0,0)(1488,1105332)(0,0)(0,0)(0,10560)(0,0)(0,0)(0,0)(0,0)(0,0)(0,0)(0,0)(0,0)(0,0)(0,0)(0,0)(0,0)(0,0)(0,0)(0,0)(0,0)(0,0)(0,0)(0,0)(0,0)(0,0)(0,0)(0,0)(0,0)(0,0)(0,0)(0,0)(0,0)(0,0)(0,0)(0,0)(0,0)(0,0)(0,0)(0,0)(0,0)(0,0)(0,0)(0,0)(0,0)(0,0)(0,0)(0,0)(0,0)(0,0)(0,0)(0,0)
1489009961 146 Drop: queue:13,3: Headroom full
(0,853560)(0,254028)(0,967524)(0,298560)(0,0)(0,0)(0,0)(0,0)(0,0)(0,10620)(0,1548)(0,0)(1488,1117716)(0,0)(0,0)(0,10680)(0,0)(0,0)(0,0)(0,0)(0,0)(0,0)(0,0)(0,0)(0,0)(0,0)(0,0)(0,0)(0,0)(0,0)(0,0)(0,0)(0,0)(0,0)(0,0)(0,0)(0,0)(0,0)(0,0)(0,0)(0,0)(0,0)(0,0)(0,0)(0,0)(0,0)(0,0)(0,0)(0,0)(0,0)(0,0)(0,0)(0,0)(0,0)(0,0)(0,0)(0,0)(0,0)(0,0)(0,0)(0,0)(0,0)(0,0)
1489020461 146 Drop: queue:13,3: Headroom full
(0,836124)(0,231708)(0,955380)(0,270996)(0,0)(0,0)(0,0)(0,0)(0,1548)(0,10680)(0,1548)(0,0)(1488,1127004)(0,0)(0,0)(0,10740)(0,0)(0,0)(0,0)(0,0)(0,0)(0,0)(0,0)(0,0)(0,0)(0,0)(0,0)(0,0)(0,0)(0,0)(0,0)(0,0)(0,0)(0,0)(0,0)(0,0)(0,0)(0,0)(0,0)(0,0)(0,0)(0,0)(0,0)(0,0)(0,0)(0,0)(0,0)(0,0)(0,0)(0,0)(0,0)(0,0)(0,0)(0,0)(0,0)(0,0)(0,0)(0,0)(0,0)(0,0)(0,0)(0,0)(0,0)
1489042239 146 Drop: queue:13,3: Headroom full
(0,776280)(0,175872)(0,926148)(0,172584)(0,0)(0,0)(0,0)(0,0)(0,0)(0,10800)(0,1548)(0,0)(1488,1154868)(0,0)(0,0)(0,10860)(0,0)(0,0)(0,0)(0,0)(0,0)(0,0)(0,0)(0,0)(0,0)(0,0)(0,0)(0,0)(0,0)(0,0)(0,0)(0,0)(0,0)(0,0)(0,0)(0,0)(0,0)(0,0)(0,0)(0,0)(0,0)(0,0)(0,0)(0,0)(0,0)(0,0)(0,0)(0,0)(0,0)(0,0)(0,0)(0,0)(0,0)(0,0)(0,0)(0,0)(0,0)(0,0)(0,0)(0,0)(0,0)(0,0)(0,0)
1489053909 146 Drop: queue:13,3: Headroom full
(0,740256)(0,150576)(0,914064)(0,117156)(0,0)(0,60)(0,0)(0,0)(0,1548)(0,10860)(0,1548)(0,0)(1488,1168800)(0,0)(0,0)(0,10860)(0,0)(0,0)(0,0)(0,60)(0,0)(0,0)(0,0)(0,0)(0,0)(0,0)(0,0)(0,0)(0,0)(0,0)(0,0)(0,0)(0,0)(0,0)(0,0)(0,0)(0,0)(0,0)(0,0)(0,0)(0,0)(0,0)(0,0)(0,0)(0,0)(0,0)(0,0)(0,0)(0,0)(0,0)(0,0)(0,0)(0,0)(0,0)(0,0)(0,0)(0,0)(0,0)(0,0)(0,0)(0,0)(0,0)(0,0)
1489064442 146 Drop: queue:13,3: Headroom full
(0,706368)(0,133188)(0,899172)(0,72564)(0,0)(0,0)(0,0)(0,0)(0,120)(0,10860)(0,0)(0,0)(1488,1181184)(0,0)(0,0)(0,12468)(0,0)(0,0)(0,0)(0,1548)(0,0)(0,0)(0,0)(0,0)(0,0)(0,0)(0,0)(0,0)(0,0)(0,0)(0,0)(0,0)(0,0)(0,0)(0,0)(0,0)(0,0)(0,0)(0,0)(0,0)(0,0)(0,0)(0,0)(0,0)(0,0)(0,0)(0,0)(0,0)(0,0)(0,0)(0,0)(0,0)(0,0)(0,0)(0,0)(0,0)(0,0)(0,0)(0,0)(0,0)(0,0)(0,0)(0,0)
1489069049 146 Drop: queue:13,3: Headroom full
(0,689280)(0,133308)(0,892380)(0,49524)(0,0)(0,0)(0,0)(0,1548)(0,360)(0,10920)(0,0)(0,0)(1488,1185828)(0,0)(0,0)(0,10980)(0,0)(0,0)(0,0)(0,60)(0,0)(0,0)(0,0)(0,0)(0,0)(0,0)(0,0)(0,0)(0,0)(0,0)(0,0)(0,0)(0,0)(0,0)(0,0)(0,0)(0,0)(0,0)(0,0)(0,0)(0,0)(0,0)(0,0)(0,0)(0,0)(0,0)(0,0)(0,0)(0,0)(0,0)(0,0)(0,0)(0,0)(0,0)(0,0)(0,0)(0,0)(0,0)(0,0)(0,0)(0,0)(0,0)(0,0)
1489072762 146 Drop: queue:13,3: Headroom full
(0,675408)(0,130392)(0,867612)(0,45060)(0,0)(0,1548)(0,0)(0,0)(0,480)(0,10920)(0,0)(0,0)(1488,1190472)(0,0)(0,0)(0,10980)(0,0)(0,0)(0,0)(0,0)(0,0)(0,0)(0,0)(0,0)(0,0)(0,0)(0,0)(0,0)(0,0)(0,0)(0,0)(0,0)(0,0)(0,0)(0,0)(0,0)(0,0)(0,0)(0,0)(0,0)(0,0)(0,0)(0,0)(0,0)(0,0)(0,0)(0,0)(0,0)(0,0)(0,0)(0,0)(0,0)(0,0)(0,0)(0,0)(0,0)(0,0)(0,0)(0,0)(0,0)(0,0)(0,0)(0,0)
1489083311 146 Drop: queue:13,3: Headroom full
(0Command ['/home/wilson/hpcc/build/scratch/third', 'experiments/aditya/dcqcn/config.txt'] terminated with signal SIGTERM. Run it under a debugger to get more information (./waf --run <program> --command-template="gdb --args %s <args>").
